2014-01-20 18:10:09,525 (main) [        ModelReader.java:389:INFO ] FINISHED LOADING ENTITIES - ALL FILES; #Entities=881 #ViewEntities=314 #Fields=9380 #Relationships=3104 #AutoRelationships=2281
2014-01-20 18:10:09,644 (main) [   GenericDelegator.java:241:INFO ] Doing entity definition check...
2014-01-20 18:10:09,670 (main) [ ModelEntityChecker.java:508:INFO ] [initReservedWords] array length=1023
2014-01-20 18:10:19,659 (main) [ ServiceGroupReader.java:88 :INFO ] Loaded [1] Group definitions from file:/home/vadmin/working_copy/vbiz/branches/kmf/framework/common/servicedef/groups_test.xml
2014-01-20 18:10:19,687 (main) [ ServiceGroupReader.java:88 :INFO ] Loaded [4] Group definitions from file:/home/vadmin/working_copy/vbiz/branches/kmf/framework/entityext/servicedef/groups.xml
2014-01-20 18:10:19,700 (main) [ ServiceGroupReader.java:88 :INFO ] Loaded [2] Group definitions from file:/home/vadmin/working_copy/vbiz/branches/kmf/applications/workeffort/servicedef/service_groups.xml
2014-01-20 18:10:19,718 (main) [ ServiceGroupReader.java:88 :INFO ] Loaded [4] Group definitions from file:/home/vadmin/working_copy/vbiz/branches/kmf/applications/accounting/servicedef/groups.xml
2014-01-20 18:10:19,797 (main) [     ServiceEcaUtil.java:122:INFO ] Loaded [ 4] Service ECA Rules from file:/home/vadmin/working_copy/vbiz/branches/kmf/framework/common/servicedef/secas_test.xml
2014-01-20 18:10:19,816 (main) [     ServiceEcaUtil.java:122:INFO ] Loaded [ 0] Service ECA Rules from file:/home/vadmin/working_copy/vbiz/branches/kmf/framework/common/servicedef/secas_cdyne.xml
2014-01-20 18:10:19,837 (main) [     ServiceEcaUtil.java:122:INFO ] Loaded [ 3] Service ECA Rules from file:/home/vadmin/working_copy/vbiz/branches/kmf/framework/service/servicedef/secas_test_se.xml
2014-01-20 18:10:19,856 (main) [     ServiceEcaUtil.java:122:INFO ] Loaded [ 2] Service ECA Rules from file:/home/vadmin/working_copy/vbiz/branches/kmf/framework/example/servicedef/secas.xml
2014-01-20 18:10:19,998 (main) [     ServiceEcaUtil.java:122:INFO ] Loaded [20] Service ECA Rules from file:/home/vadmin/working_copy/vbiz/branches/kmf/applications/party/servicedef/secas.xml
2014-01-20 18:10:20,130 (main) [     ServiceEcaUtil.java:122:INFO ] Loaded [27] Service ECA Rules from file:/home/vadmin/working_copy/vbiz/branches/kmf/applications/content/servicedef/secas.xml
2014-01-20 18:10:20,192 (main) [     ServiceEcaUtil.java:122:INFO ] Loaded [11] Service ECA Rules from file:/home/vadmin/working_copy/vbiz/branches/kmf/applications/workeffort/servicedef/secas.xml
2014-01-20 18:10:20,239 (main) [     ServiceEcaUtil.java:122:INFO ] Loaded [34] Service ECA Rules from file:/home/vadmin/working_copy/vbiz/branches/kmf/applications/product/servicedef/secas.xml
2014-01-20 18:10:20,357 (main) [     ServiceEcaUtil.java:122:INFO ] Loaded [22] Service ECA Rules from file:/home/vadmin/working_copy/vbiz/branches/kmf/applications/product/servicedef/secas_shipment.xml
2014-01-20 18:10:20,393 (main) [     ServiceEcaUtil.java:122:INFO ] Loaded [ 2] Service ECA Rules from file:/home/vadmin/working_copy/vbiz/branches/kmf/applications/product/servicedef/secas_olap.xml
2014-01-20 18:10:20,441 (main) [     ServiceEcaUtil.java:122:INFO ] Loaded [ 4] Service ECA Rules from file:/home/vadmin/working_copy/vbiz/branches/kmf/applications/manufacturing/servicedef/secas.xml
2014-01-20 18:10:20,560 (main) [     ServiceEcaUtil.java:122:INFO ] Loaded [22] Service ECA Rules from file:/home/vadmin/working_copy/vbiz/branches/kmf/applications/accounting/servicedef/secas.xml
2014-01-20 18:10:20,611 (main) [     ServiceEcaUtil.java:122:INFO ] Loaded [ 6] Service ECA Rules from file:/home/vadmin/working_copy/vbiz/branches/kmf/applications/accounting/servicedef/secas_payment.xml
2014-01-20 18:10:20,661 (main) [     ServiceEcaUtil.java:122:INFO ] Loaded [20] Service ECA Rules from file:/home/vadmin/working_copy/vbiz/branches/kmf/applications/accounting/servicedef/secas_ledger.xml
2014-01-20 18:10:20,705 (main) [     ServiceEcaUtil.java:122:INFO ] Loaded [ 4] Service ECA Rules from file:/home/vadmin/working_copy/vbiz/branches/kmf/applications/accounting/servicedef/secas_invoice.xml
2014-01-20 18:10:20,752 (main) [     ServiceEcaUtil.java:122:INFO ] Loaded [ 2] Service ECA Rules from file:/home/vadmin/working_copy/vbiz/branches/kmf/applications/humanres/servicedef/secas.xml
2014-01-20 18:10:20,880 (main) [     ServiceEcaUtil.java:122:INFO ] Loaded [62] Service ECA Rules from file:/home/vadmin/working_copy/vbiz/branches/kmf/applications/order/servicedef/secas.xml
2014-01-20 18:10:20,926 (main) [     ServiceEcaUtil.java:122:INFO ] Loaded [10] Service ECA Rules from file:/home/vadmin/working_copy/vbiz/branches/kmf/applications/marketing/servicedef/secas.xml
2014-01-20 18:10:20,951 (main) [     ServiceEcaUtil.java:122:INFO ] Loaded [ 3] Service ECA Rules from file:/home/vadmin/working_copy/vbiz/branches/kmf/applications/commonext/servicedef/secas.xml
2014-01-20 18:10:21,010 (main) [     ServiceEcaUtil.java:122:INFO ] Loaded [ 5] Service ECA Rules from file:/home/vadmin/working_copy/vbiz/branches/kmf/specialpurpose/assetmaint/servicedef/secas.xml
2014-01-20 18:10:21,059 (main) [     ServiceEcaUtil.java:122:INFO ] Loaded [ 0] Service ECA Rules from file:/home/vadmin/working_copy/vbiz/branches/kmf/specialpurpose/projectmgr/servicedef/secas.xml
2014-01-20 18:10:21,112 (main) [     ServiceEcaUtil.java:122:INFO ] Loaded [ 4] Service ECA Rules from file:/home/vadmin/working_copy/vbiz/branches/kmf/hot-deploy/procurement/servicedef/secas.xml
2014-01-20 18:10:21,148 (main) [     ServiceEcaUtil.java:122:INFO ] Loaded [ 1] Service ECA Rules from file:/home/vadmin/working_copy/vbiz/branches/kmf/hot-deploy/ticketmgmt/servicedef/secas.xml
2014-01-20 18:10:21,417 (main) [      EntityEcaUtil.java:125:INFO ] Loaded [11] Entity ECA definitions from /home/vadmin/working_copy/vbiz/branches/kmf/applications/content/entitydef/eecas.xml in loader main
2014-01-20 18:10:21,473 (main) [      EntityEcaUtil.java:125:INFO ] Loaded [4] Entity ECA definitions from /home/vadmin/working_copy/vbiz/branches/kmf/applications/workeffort/entitydef/eecas.xml in loader main
2014-01-20 18:10:21,534 (main) [      EntityEcaUtil.java:125:INFO ] Loaded [11] Entity ECA definitions from /home/vadmin/working_copy/vbiz/branches/kmf/applications/product/entitydef/eecas.xml in loader main
2014-01-20 18:10:21,589 (main) [      EntityEcaUtil.java:125:INFO ] Loaded [2] Entity ECA definitions from /home/vadmin/working_copy/vbiz/branches/kmf/applications/accounting/entitydef/eecas.xml in loader main
2014-01-20 18:10:21,638 (main) [      EntityEcaUtil.java:125:INFO ] Loaded [3] Entity ECA definitions from /home/vadmin/working_copy/vbiz/branches/kmf/applications/order/entitydef/eecas.xml in loader main
2014-01-20 18:10:21,685 (main) [      EntityEcaUtil.java:125:INFO ] Loaded [1] Entity ECA definitions from /home/vadmin/working_copy/vbiz/branches/kmf/applications/commonext/entitydef/eecas.xml in loader main
2014-01-20 18:10:22,854 (main) [ ModelServiceReader.java:197:INFO ] Loaded [ 96] Services from file:/home/vadmin/working_copy/vbiz/branches/kmf/framework/common/servicedef/services.xml
2014-01-20 18:10:22,926 (main) [ ModelServiceReader.java:197:INFO ] Loaded [  2] Services from file:/home/vadmin/working_copy/vbiz/branches/kmf/framework/common/servicedef/services_cdyne.xml
2014-01-20 18:10:23,046 (main) [ ModelServiceReader.java:197:INFO ] Loaded [  9] Services from file:/home/vadmin/working_copy/vbiz/branches/kmf/framework/common/servicedef/services_email.xml
2014-01-20 18:10:23,069 (main) [ ModelServiceReader.java:197:INFO ] Loaded [  1] Services from file:/home/vadmin/working_copy/vbiz/branches/kmf/framework/common/servicedef/services_sms.xml
2014-01-20 18:10:23,115 (main) [ ModelServiceReader.java:197:INFO ] Loaded [  2] Services from file:/home/vadmin/working_copy/vbiz/branches/kmf/framework/common/servicedef/services_olap.xml
2014-01-20 18:10:23,233 (main) [ ModelServiceReader.java:197:INFO ] Loaded [ 13] Services from file:/home/vadmin/working_copy/vbiz/branches/kmf/framework/common/servicedef/services_security.xml
2014-01-20 18:10:23,474 (main) [ ModelServiceReader.java:197:INFO ] Loaded [ 36] Services from file:/home/vadmin/working_copy/vbiz/branches/kmf/framework/common/servicedef/services_test.xml
2014-01-20 18:10:23,550 (main) [ ModelServiceReader.java:197:INFO ] Loaded [ 11] Services from file:/home/vadmin/working_copy/vbiz/branches/kmf/framework/service/servicedef/services.xml
2014-01-20 18:10:23,675 (main) [ ModelServiceReader.java:197:INFO ] Loaded [ 18] Services from file:/home/vadmin/working_copy/vbiz/branches/kmf/framework/service/servicedef/services_test_se.xml
2014-01-20 18:10:23,866 (main) [ ModelServiceReader.java:197:INFO ] Loaded [ 41] Services from file:/home/vadmin/working_copy/vbiz/branches/kmf/framework/entityext/servicedef/services.xml
2014-01-20 18:10:23,934 (main) [ ModelServiceReader.java:197:INFO ] Loaded [  3] Services from file:/home/vadmin/working_copy/vbiz/branches/kmf/framework/bi/servicedef/services.xml
2014-01-20 18:10:23,980 (main) [ ModelServiceReader.java:197:INFO ] Loaded [  1] Services from file:/home/vadmin/working_copy/vbiz/branches/kmf/framework/birt/servicedef/services.xml
2014-01-20 18:10:24,019 (main) [ ModelServiceReader.java:197:INFO ] Loaded [  1] Services from file:/home/vadmin/working_copy/vbiz/branches/kmf/framework/testtools/servicedef/services.xml
2014-01-20 18:10:24,118 (main) [ ModelServiceReader.java:197:INFO ] Loaded [ 11] Services from file:/home/vadmin/working_copy/vbiz/branches/kmf/framework/webtools/servicedef/services.xml
2014-01-20 18:10:24,172 (main) [ ModelServiceReader.java:197:INFO ] Loaded [ 15] Services from file:/home/vadmin/working_copy/vbiz/branches/kmf/framework/example/servicedef/services.xml
2014-01-20 18:10:24,500 (main) [ ModelServiceReader.java:197:INFO ] Loaded [164] Services from file:/home/vadmin/working_copy/vbiz/branches/kmf/applications/party/servicedef/services.xml
2014-01-20 18:10:24,551 (main) [ ModelServiceReader.java:197:INFO ] Loaded [ 14] Services from file:/home/vadmin/working_copy/vbiz/branches/kmf/applications/party/servicedef/services_view.xml
2014-01-20 18:10:24,623 (main) [ ModelServiceReader.java:197:INFO ] Loaded [ 17] Services from file:/home/vadmin/working_copy/vbiz/branches/kmf/applications/securityext/servicedef/services.xml
2014-01-20 18:10:25,005 (main) [ ModelServiceReader.java:197:INFO ] Loaded [127] Services from file:/home/vadmin/working_copy/vbiz/branches/kmf/applications/content/servicedef/services.xml
2014-01-20 18:10:25,083 (main) [ ModelServiceReader.java:197:INFO ] Loaded [ 23] Services from file:/home/vadmin/working_copy/vbiz/branches/kmf/applications/content/servicedef/services_content.xml
2014-01-20 18:10:25,139 (main) [ ModelServiceReader.java:197:INFO ] Loaded [ 35] Services from file:/home/vadmin/working_copy/vbiz/branches/kmf/applications/content/servicedef/services_contenttypes.xml
2014-01-20 18:10:25,226 (main) [ ModelServiceReader.java:197:INFO ] Loaded [ 28] Services from file:/home/vadmin/working_copy/vbiz/branches/kmf/applications/content/servicedef/services_data.xml
2014-01-20 18:10:25,256 (main) [ ModelServiceReader.java:197:INFO ] Loaded [  2] Services from file:/home/vadmin/working_copy/vbiz/branches/kmf/applications/content/servicedef/services_output.xml
2014-01-20 18:10:25,339 (main) [ ModelServiceReader.java:197:INFO ] Loaded [ 42] Services from file:/home/vadmin/working_copy/vbiz/branches/kmf/applications/content/servicedef/services_survey.xml
2014-01-20 18:10:25,360 (main) [ ModelServiceReader.java:197:INFO ] Loaded [  5] Services from file:/home/vadmin/working_copy/vbiz/branches/kmf/applications/content/servicedef/services_commevent.xml
2014-01-20 18:10:25,401 (main) [ ModelServiceReader.java:197:INFO ] Loaded [ 18] Services from file:/home/vadmin/working_copy/vbiz/branches/kmf/applications/content/servicedef/services_website.xml
2014-01-20 18:10:25,609 (main) [ ModelServiceReader.java:197:INFO ] Loaded [ 97] Services from file:/home/vadmin/working_copy/vbiz/branches/kmf/applications/workeffort/servicedef/services.xml
2014-01-20 18:10:25,698 (main) [ ModelServiceReader.java:197:INFO ] Loaded [ 17] Services from file:/home/vadmin/working_copy/vbiz/branches/kmf/applications/workeffort/servicedef/services_timesheet.xml
2014-01-20 18:10:25,722 (main) [ ModelServiceReader.java:197:INFO ] Loaded [  1] Services from file:/home/vadmin/working_copy/vbiz/branches/kmf/applications/workeffort/servicedef/services_upgrade.xml
2014-01-20 18:10:26,428 (main) [ ModelServiceReader.java:197:INFO ] Loaded [208] Services from file:/home/vadmin/working_copy/vbiz/branches/kmf/applications/product/servicedef/services.xml
2014-01-20 18:10:26,472 (main) [ ModelServiceReader.java:197:INFO ] Loaded [  5] Services from file:/home/vadmin/working_copy/vbiz/branches/kmf/applications/product/servicedef/services_api.xml
2014-01-20 18:10:27,002 (main) [ ModelServiceReader.java:197:INFO ] Loaded [132] Services from file:/home/vadmin/working_copy/vbiz/branches/kmf/applications/product/servicedef/services_facility.xml
2014-01-20 18:10:27,146 (main) [ ModelServiceReader.java:197:INFO ] Loaded [ 30] Services from file:/home/vadmin/working_copy/vbiz/branches/kmf/applications/product/servicedef/services_feature.xml
2014-01-20 18:10:27,248 (main) [ ModelServiceReader.java:197:INFO ] Loaded [ 21] Services from file:/home/vadmin/working_copy/vbiz/branches/kmf/applications/product/servicedef/services_maint.xml
2014-01-20 18:10:27,360 (main) [ ModelServiceReader.java:197:INFO ] Loaded [ 20] Services from file:/home/vadmin/working_copy/vbiz/branches/kmf/applications/product/servicedef/services_picklist.xml
2014-01-20 18:10:27,517 (main) [ ModelServiceReader.java:197:INFO ] Loaded [ 40] Services from file:/home/vadmin/working_copy/vbiz/branches/kmf/applications/product/servicedef/services_pricepromo.xml
2014-01-20 18:10:27,538 (main) [ ModelServiceReader.java:197:INFO ] Loaded [  6] Services from file:/home/vadmin/working_copy/vbiz/branches/kmf/applications/product/servicedef/services_shipmentgateway.xml
2014-01-20 18:10:27,573 (main) [ ModelServiceReader.java:197:INFO ] Loaded [  3] Services from file:/home/vadmin/working_copy/vbiz/branches/kmf/applications/product/servicedef/services_shipment_dhl.xml
2014-01-20 18:10:27,618 (main) [ ModelServiceReader.java:197:INFO ] Loaded [  2] Services from file:/home/vadmin/working_copy/vbiz/branches/kmf/applications/product/servicedef/services_shipment_fedex.xml
2014-01-20 18:10:27,672 (main) [ ModelServiceReader.java:197:INFO ] Loaded [  9] Services from file:/home/vadmin/working_copy/vbiz/branches/kmf/applications/product/servicedef/services_shipment_ups.xml
2014-01-20 18:10:27,769 (main) [ ModelServiceReader.java:197:INFO ] Loaded [ 10] Services from file:/home/vadmin/working_copy/vbiz/branches/kmf/applications/product/servicedef/services_shipment_usps.xml
2014-01-20 18:10:27,982 (main) [ ModelServiceReader.java:197:INFO ] Loaded [ 98] Services from file:/home/vadmin/working_copy/vbiz/branches/kmf/applications/product/servicedef/services_shipment.xml
2014-01-20 18:10:28,145 (main) [ ModelServiceReader.java:197:INFO ] Loaded [ 39] Services from file:/home/vadmin/working_copy/vbiz/branches/kmf/applications/product/servicedef/services_store.xml
2014-01-20 18:10:28,240 (main) [ ModelServiceReader.java:197:INFO ] Loaded [ 16] Services from file:/home/vadmin/working_copy/vbiz/branches/kmf/applications/product/servicedef/services_subscription.xml
2014-01-20 18:10:28,260 (main) [ ModelServiceReader.java:197:INFO ] Loaded [  2] Services from file:/home/vadmin/working_copy/vbiz/branches/kmf/applications/product/servicedef/services_rental.xml
2014-01-20 18:10:28,344 (main) [ ModelServiceReader.java:197:INFO ] Loaded [ 13] Services from file:/home/vadmin/working_copy/vbiz/branches/kmf/applications/product/servicedef/services_view.xml
2014-01-20 18:10:28,423 (main) [ ModelServiceReader.java:197:INFO ] Loaded [ 15] Services from file:/home/vadmin/working_copy/vbiz/branches/kmf/applications/product/servicedef/services_cost.xml
2014-01-20 18:10:28,464 (main) [ ModelServiceReader.java:197:INFO ] Loaded [  2] Services from file:/home/vadmin/working_copy/vbiz/branches/kmf/applications/product/servicedef/services_uom.xml
2014-01-20 18:10:28,521 (main) [ ModelServiceReader.java:197:INFO ] Loaded [  6] Services from file:/home/vadmin/working_copy/vbiz/branches/kmf/applications/product/servicedef/services_olap.xml
2014-01-20 18:10:28,536 (main) [ ModelServiceReader.java:197:INFO ] Loaded [  2] Services from file:/home/vadmin/working_copy/vbiz/branches/kmf/applications/product/servicedef/services_upgrade.xml
2014-01-20 18:10:28,605 (main) [ ModelServiceReader.java:197:INFO ] Loaded [  8] Services from file:/home/vadmin/working_copy/vbiz/branches/kmf/applications/product/servicedef/services_lms.xml
2014-01-20 18:10:28,658 (main) [ ModelServiceReader.java:197:INFO ] Loaded [  4] Services from file:/home/vadmin/working_copy/vbiz/branches/kmf/applications/manufacturing/servicedef/services.xml
2014-01-20 18:10:28,723 (main) [ ModelServiceReader.java:197:INFO ] Loaded [ 12] Services from file:/home/vadmin/working_copy/vbiz/branches/kmf/applications/manufacturing/servicedef/services_calendar.xml
2014-01-20 18:10:28,771 (main) [ ModelServiceReader.java:197:INFO ] Loaded [  5] Services from file:/home/vadmin/working_copy/vbiz/branches/kmf/applications/manufacturing/servicedef/services_routing.xml
2014-01-20 18:10:28,902 (main) [ ModelServiceReader.java:197:INFO ] Loaded [ 34] Services from file:/home/vadmin/working_copy/vbiz/branches/kmf/applications/manufacturing/servicedef/services_production_run.xml
2014-01-20 18:10:28,988 (main) [ ModelServiceReader.java:197:INFO ] Loaded [ 13] Services from file:/home/vadmin/working_copy/vbiz/branches/kmf/applications/manufacturing/servicedef/services_bom.xml
2014-01-20 18:10:29,038 (main) [ ModelServiceReader.java:197:INFO ] Loaded [  5] Services from file:/home/vadmin/working_copy/vbiz/branches/kmf/applications/manufacturing/servicedef/services_mrp.xml
2014-01-20 18:10:29,063 (main) [ ModelServiceReader.java:197:INFO ] Loaded [  5] Services from file:/home/vadmin/working_copy/vbiz/branches/kmf/applications/manufacturing/servicedef/services_formula.xml
2014-01-20 18:10:29,131 (main) [ ModelServiceReader.java:197:INFO ] Loaded [ 28] Services from file:/home/vadmin/working_copy/vbiz/branches/kmf/applications/accounting/servicedef/services_agreement.xml
2014-01-20 18:10:29,225 (main) [ ModelServiceReader.java:197:INFO ] Loaded [ 13] Services from file:/home/vadmin/working_copy/vbiz/branches/kmf/applications/accounting/servicedef/services_admin.xml
2014-01-20 18:10:29,292 (main) [ ModelServiceReader.java:197:INFO ] Loaded [  9] Services from file:/home/vadmin/working_copy/vbiz/branches/kmf/applications/accounting/servicedef/services_billing.xml
2014-01-20 18:10:29,356 (main) [ ModelServiceReader.java:197:INFO ] Loaded [  5] Services from file:/home/vadmin/working_copy/vbiz/branches/kmf/applications/accounting/servicedef/services_budget.xml
2014-01-20 18:10:29,576 (main) [ ModelServiceReader.java:197:INFO ] Loaded [ 59] Services from file:/home/vadmin/working_copy/vbiz/branches/kmf/applications/accounting/servicedef/services_finaccount.xml
2014-01-20 18:10:29,666 (main) [ ModelServiceReader.java:197:INFO ] Loaded [ 39] Services from file:/home/vadmin/working_copy/vbiz/branches/kmf/applications/accounting/servicedef/services_fixedasset.xml
2014-01-20 18:10:29,789 (main) [ ModelServiceReader.java:197:INFO ] Loaded [ 54] Services from file:/home/vadmin/working_copy/vbiz/branches/kmf/applications/accounting/servicedef/services_invoice.xml
2014-01-20 18:10:29,921 (main) [ ModelServiceReader.java:197:INFO ] Loaded [ 88] Services from file:/home/vadmin/working_copy/vbiz/branches/kmf/applications/accounting/servicedef/services_ledger.xml
2014-01-20 18:10:29,981 (main) [ ModelServiceReader.java:197:INFO ] Loaded [ 31] Services from file:/home/vadmin/working_copy/vbiz/branches/kmf/applications/accounting/servicedef/services_payment.xml
2014-01-20 18:10:30,348 (main) [ ModelServiceReader.java:197:INFO ] Loaded [ 91] Services from file:/home/vadmin/working_copy/vbiz/branches/kmf/applications/accounting/servicedef/services_paymentmethod.xml
2014-01-20 18:10:30,415 (main) [ ModelServiceReader.java:197:INFO ] Loaded [  9] Services from file:/home/vadmin/working_copy/vbiz/branches/kmf/applications/accounting/servicedef/services_paymentgateway.xml
2014-01-20 18:10:30,513 (main) [ ModelServiceReader.java:197:INFO ] Loaded [ 25] Services from file:/home/vadmin/working_copy/vbiz/branches/kmf/applications/accounting/servicedef/services_tax.xml
2014-01-20 18:10:30,562 (main) [ ModelServiceReader.java:197:INFO ] Loaded [  5] Services from file:/home/vadmin/working_copy/vbiz/branches/kmf/applications/accounting/servicedef/services_rate.xml
2014-01-20 18:10:30,608 (main) [ ModelServiceReader.java:197:INFO ] Loaded [ 10] Services from file:/home/vadmin/working_copy/vbiz/branches/kmf/applications/accounting/servicedef/services_cost.xml
2014-01-20 18:10:30,698 (main) [ ModelServiceReader.java:197:INFO ] Loaded [  9] Services from file:/home/vadmin/working_copy/vbiz/branches/kmf/applications/accounting/servicedef/services_sagepay.xml
2014-01-20 18:10:30,722 (main) [ ModelServiceReader.java:197:INFO ] Loaded [  6] Services from file:/home/vadmin/working_copy/vbiz/branches/kmf/applications/accounting/servicedef/services_authorizedotnet.xml
2014-01-20 18:10:30,760 (main) [ ModelServiceReader.java:197:INFO ] Loaded [  6] Services from file:/home/vadmin/working_copy/vbiz/branches/kmf/applications/accounting/servicedef/services_clearcommerce.xml
2014-01-20 18:10:30,775 (main) [ ModelServiceReader.java:197:INFO ] Loaded [  5] Services from file:/home/vadmin/working_copy/vbiz/branches/kmf/applications/accounting/servicedef/services_cybersource.xml
2014-01-20 18:10:30,797 (main) [ ModelServiceReader.java:197:INFO ] Loaded [  8] Services from file:/home/vadmin/working_copy/vbiz/branches/kmf/applications/accounting/servicedef/services_paypal.xml
2014-01-20 18:10:30,807 (main) [ ModelServiceReader.java:197:INFO ] Loaded [  4] Services from file:/home/vadmin/working_copy/vbiz/branches/kmf/applications/accounting/servicedef/services_pccharge.xml
2014-01-20 18:10:30,827 (main) [ ModelServiceReader.java:197:INFO ] Loaded [ 10] Services from file:/home/vadmin/working_copy/vbiz/branches/kmf/applications/accounting/servicedef/services_rita.xml
2014-01-20 18:10:30,902 (main) [ ModelServiceReader.java:197:INFO ] Loaded [ 21] Services from file:/home/vadmin/working_copy/vbiz/branches/kmf/applications/accounting/servicedef/services_valuelink.xml
2014-01-20 18:10:30,941 (main) [ ModelServiceReader.java:197:INFO ] Loaded [ 11] Services from file:/home/vadmin/working_copy/vbiz/branches/kmf/applications/accounting/servicedef/services_verisign.xml
2014-01-20 18:10:30,971 (main) [ ModelServiceReader.java:197:INFO ] Loaded [  5] Services from file:/home/vadmin/working_copy/vbiz/branches/kmf/applications/accounting/servicedef/services_orbital.xml
2014-01-20 18:10:31,006 (main) [ ModelServiceReader.java:197:INFO ] Loaded [ 12] Services from file:/home/vadmin/working_copy/vbiz/branches/kmf/applications/accounting/servicedef/services_perm.xml
2014-01-20 18:10:31,021 (main) [ ModelServiceReader.java:197:INFO ] Loaded [  4] Services from file:/home/vadmin/working_copy/vbiz/branches/kmf/applications/accounting/servicedef/services_upgrade.xml
2014-01-20 18:10:31,283 (main) [ ModelServiceReader.java:197:INFO ] Loaded [130] Services from file:/home/vadmin/working_copy/vbiz/branches/kmf/applications/humanres/servicedef/services.xml
2014-01-20 18:10:31,463 (main) [ ModelServiceReader.java:197:INFO ] Loaded [128] Services from file:/home/vadmin/working_copy/vbiz/branches/kmf/applications/order/servicedef/services.xml
2014-01-20 18:10:31,508 (main) [ ModelServiceReader.java:197:INFO ] Loaded [ 14] Services from file:/home/vadmin/working_copy/vbiz/branches/kmf/applications/order/servicedef/services_cart.xml
2014-01-20 18:10:31,546 (main) [ ModelServiceReader.java:197:INFO ] Loaded [ 15] Services from file:/home/vadmin/working_copy/vbiz/branches/kmf/applications/order/servicedef/services_shoppinglist.xml
2014-01-20 18:10:31,585 (main) [ ModelServiceReader.java:197:INFO ] Loaded [ 22] Services from file:/home/vadmin/working_copy/vbiz/branches/kmf/applications/order/servicedef/services_request.xml
2014-01-20 18:10:31,644 (main) [ ModelServiceReader.java:197:INFO ] Loaded [ 31] Services from file:/home/vadmin/working_copy/vbiz/branches/kmf/applications/order/servicedef/services_quote.xml
2014-01-20 18:10:31,706 (main) [ ModelServiceReader.java:197:INFO ] Loaded [ 21] Services from file:/home/vadmin/working_copy/vbiz/branches/kmf/applications/order/servicedef/services_requirement.xml
2014-01-20 18:10:31,782 (main) [ ModelServiceReader.java:197:INFO ] Loaded [ 52] Services from file:/home/vadmin/working_copy/vbiz/branches/kmf/applications/order/servicedef/services_return.xml
2014-01-20 18:10:31,806 (main) [ ModelServiceReader.java:197:INFO ] Loaded [  3] Services from file:/home/vadmin/working_copy/vbiz/branches/kmf/applications/order/servicedef/services_upgrade.xml
2014-01-20 18:10:31,820 (main) [ ModelServiceReader.java:197:INFO ] Loaded [  3] Services from file:/home/vadmin/working_copy/vbiz/branches/kmf/applications/order/servicedef/services_checkout.xml
2014-01-20 18:10:31,833 (main) [ ModelServiceReader.java:197:INFO ] Loaded [  5] Services from file:/home/vadmin/working_copy/vbiz/branches/kmf/applications/order/servicedef/services_olap.xml
2014-01-20 18:10:32,008 (main) [ ModelServiceReader.java:197:INFO ] Loaded [ 65] Services from file:/home/vadmin/working_copy/vbiz/branches/kmf/applications/marketing/servicedef/services.xml
2014-01-20 18:10:32,031 (main) [ ModelServiceReader.java:197:INFO ] Loaded [ 11] Services from file:/home/vadmin/working_copy/vbiz/branches/kmf/applications/marketing/servicedef/services_opportunity.xml
2014-01-20 18:10:32,051 (main) [ ModelServiceReader.java:197:INFO ] Loaded [  5] Services from file:/home/vadmin/working_copy/vbiz/branches/kmf/applications/commonext/servicedef/services.xml
2014-01-20 18:10:32,081 (main) [ ModelServiceReader.java:197:INFO ] Loaded [  5] Services from file:/home/vadmin/working_copy/vbiz/branches/kmf/specialpurpose/assetmaint/servicedef/services.xml
2014-01-20 18:10:32,134 (main) [ ModelServiceReader.java:197:INFO ] Loaded [ 22] Services from file:/home/vadmin/working_copy/vbiz/branches/kmf/specialpurpose/projectmgr/servicedef/services.xml
2014-01-20 18:10:32,154 (main) [ ModelServiceReader.java:197:INFO ] Loaded [  2] Services from file:/home/vadmin/working_copy/vbiz/branches/kmf/specialpurpose/myportal/servicedef/services.xml
2014-01-20 18:10:32,178 (main) [ ModelServiceReader.java:197:INFO ] Loaded [  1] Services from file:/home/vadmin/working_copy/vbiz/branches/kmf/hot-deploy/appvalidator/servicedef/services.xml
2014-01-20 18:10:32,257 (main) [ ModelServiceReader.java:197:INFO ] Loaded [ 44] Services from file:/home/vadmin/working_copy/vbiz/branches/kmf/hot-deploy/byproducts/servicedef/services.xml
2014-01-20 18:10:32,278 (main) [ ModelServiceReader.java:197:INFO ] Loaded [  4] Services from file:/home/vadmin/working_copy/vbiz/branches/kmf/hot-deploy/byproducts/servicedef/services_api.xml
2014-01-20 18:10:32,294 (main) [ ModelServiceReader.java:197:INFO ] Loaded [  1] Services from file:/home/vadmin/working_copy/vbiz/branches/kmf/hot-deploy/kkdmpcu/servicedef/services.xml
2014-01-20 18:10:32,307 (main) [ ModelServiceReader.java:197:INFO ] Loaded [  0] Services from file:/home/vadmin/working_copy/vbiz/branches/kmf/hot-deploy/milkline/servicedef/services.xml
2014-01-20 18:10:32,416 (main) [ ModelServiceReader.java:197:INFO ] Loaded [ 51] Services from file:/home/vadmin/working_copy/vbiz/branches/kmf/hot-deploy/procurement/servicedef/services.xml
2014-01-20 18:10:32,436 (main) [ ModelServiceReader.java:197:INFO ] Loaded [  7] Services from file:/home/vadmin/working_copy/vbiz/branches/kmf/hot-deploy/ticketmgmt/servicedef/services.xml
2014-01-20 18:10:32,458 (main) [     ServiceEcaUtil.java:122:INFO ] Loaded [ 4] Service ECA Rules from file:/home/vadmin/working_copy/vbiz/branches/kmf/framework/common/servicedef/secas_test.xml
2014-01-20 18:10:32,462 (main) [     ServiceEcaUtil.java:122:INFO ] Loaded [ 0] Service ECA Rules from file:/home/vadmin/working_copy/vbiz/branches/kmf/framework/common/servicedef/secas_cdyne.xml
2014-01-20 18:10:32,467 (main) [     ServiceEcaUtil.java:122:INFO ] Loaded [ 3] Service ECA Rules from file:/home/vadmin/working_copy/vbiz/branches/kmf/framework/service/servicedef/secas_test_se.xml
2014-01-20 18:10:32,470 (main) [     ServiceEcaUtil.java:122:INFO ] Loaded [ 2] Service ECA Rules from file:/home/vadmin/working_copy/vbiz/branches/kmf/framework/example/servicedef/secas.xml
2014-01-20 18:10:32,484 (main) [     ServiceEcaUtil.java:122:INFO ] Loaded [20] Service ECA Rules from file:/home/vadmin/working_copy/vbiz/branches/kmf/applications/party/servicedef/secas.xml
2014-01-20 18:10:32,509 (main) [     ServiceEcaUtil.java:122:INFO ] Loaded [27] Service ECA Rules from file:/home/vadmin/working_copy/vbiz/branches/kmf/applications/content/servicedef/secas.xml
2014-01-20 18:10:32,515 (main) [     ServiceEcaUtil.java:122:INFO ] Loaded [11] Service ECA Rules from file:/home/vadmin/working_copy/vbiz/branches/kmf/applications/workeffort/servicedef/secas.xml
2014-01-20 18:10:32,521 (main) [     ServiceEcaUtil.java:122:INFO ] Loaded [34] Service ECA Rules from file:/home/vadmin/working_copy/vbiz/branches/kmf/applications/product/servicedef/secas.xml
2014-01-20 18:10:32,569 (main) [     ServiceEcaUtil.java:122:INFO ] Loaded [22] Service ECA Rules from file:/home/vadmin/working_copy/vbiz/branches/kmf/applications/product/servicedef/secas_shipment.xml
2014-01-20 18:10:32,577 (main) [     ServiceEcaUtil.java:122:INFO ] Loaded [ 2] Service ECA Rules from file:/home/vadmin/working_copy/vbiz/branches/kmf/applications/product/servicedef/secas_olap.xml
2014-01-20 18:10:32,601 (main) [     ServiceEcaUtil.java:122:INFO ] Loaded [ 4] Service ECA Rules from file:/home/vadmin/working_copy/vbiz/branches/kmf/applications/manufacturing/servicedef/secas.xml
2014-01-20 18:10:32,645 (main) [     ServiceEcaUtil.java:122:INFO ] Loaded [22] Service ECA Rules from file:/home/vadmin/working_copy/vbiz/branches/kmf/applications/accounting/servicedef/secas.xml
2014-01-20 18:10:32,650 (main) [     ServiceEcaUtil.java:122:INFO ] Loaded [ 6] Service ECA Rules from file:/home/vadmin/working_copy/vbiz/branches/kmf/applications/accounting/servicedef/secas_payment.xml
2014-01-20 18:10:32,657 (main) [     ServiceEcaUtil.java:122:INFO ] Loaded [20] Service ECA Rules from file:/home/vadmin/working_copy/vbiz/branches/kmf/applications/accounting/servicedef/secas_ledger.xml
2014-01-20 18:10:32,677 (main) [     ServiceEcaUtil.java:122:INFO ] Loaded [ 4] Service ECA Rules from file:/home/vadmin/working_copy/vbiz/branches/kmf/applications/accounting/servicedef/secas_invoice.xml
2014-01-20 18:10:32,691 (main) [     ServiceEcaUtil.java:122:INFO ] Loaded [ 2] Service ECA Rules from file:/home/vadmin/working_copy/vbiz/branches/kmf/applications/humanres/servicedef/secas.xml
2014-01-20 18:10:32,730 (main) [     ServiceEcaUtil.java:122:INFO ] Loaded [62] Service ECA Rules from file:/home/vadmin/working_copy/vbiz/branches/kmf/applications/order/servicedef/secas.xml
2014-01-20 18:10:32,735 (main) [     ServiceEcaUtil.java:122:INFO ] Loaded [10] Service ECA Rules from file:/home/vadmin/working_copy/vbiz/branches/kmf/applications/marketing/servicedef/secas.xml
2014-01-20 18:10:32,765 (main) [     ServiceEcaUtil.java:122:INFO ] Loaded [ 3] Service ECA Rules from file:/home/vadmin/working_copy/vbiz/branches/kmf/applications/commonext/servicedef/secas.xml
2014-01-20 18:10:32,777 (main) [     ServiceEcaUtil.java:122:INFO ] Loaded [ 5] Service ECA Rules from file:/home/vadmin/working_copy/vbiz/branches/kmf/specialpurpose/assetmaint/servicedef/secas.xml
2014-01-20 18:10:32,787 (main) [     ServiceEcaUtil.java:122:INFO ] Loaded [ 0] Service ECA Rules from file:/home/vadmin/working_copy/vbiz/branches/kmf/specialpurpose/projectmgr/servicedef/secas.xml
2014-01-20 18:10:32,792 (main) [     ServiceEcaUtil.java:122:INFO ] Loaded [ 4] Service ECA Rules from file:/home/vadmin/working_copy/vbiz/branches/kmf/hot-deploy/procurement/servicedef/secas.xml
2014-01-20 18:10:32,804 (main) [     ServiceEcaUtil.java:122:INFO ] Loaded [ 1] Service ECA Rules from file:/home/vadmin/working_copy/vbiz/branches/kmf/hot-deploy/ticketmgmt/servicedef/secas.xml
2014-01-20 18:10:36,017 (main) [            SSLImpl.java:47 :INFO ] SSLImpl loaded; using custom ServerSocketFactory
2014-01-20 18:10:36,291 (main) [             VfsLog.java:122:INFO ] Using "/tmp/vfs_cache" as temporary files store.
2014-01-20 18:10:36,358 (main) [             VfsLog.java:77 :DEBUG] Skipping provider "org.apache.commons.vfs.provider.sftp.SftpFileProvider" because required class "com.jcraft.jsch.JSch" is not available.
2014-01-20 18:10:36,569 (main) [  SoftRefFilesCache.java:147:DEBUG] putFile: file:///home/vadmin/working_copy/vbiz/branches/kmf
2014-01-20 18:10:36,650 (main) [         BSFManager.java:752:DEBUG] BSFManager:registerBean
2014-01-20 18:10:36,757 (main) [         BSFManager.java:795:DEBUG] BSFManager:setClassLoader
2014-01-20 18:10:55,793 (http-0.0.0.0-58443-2) [      ContextFilter.java:209:INFO ] [Domain]: vasistanet [Request]: /webtools/control/logout
2014-01-20 18:10:56,463 (http-0.0.0.0-58443-1) [      ContextFilter.java:209:INFO ] [Domain]: vasistanet [Request]: /webtools/control/logout
2014-01-20 18:10:56,469 (http-0.0.0.0-58443-2) [     UtilJ2eeCompat.java:78 :INFO ] Apache Tomcat detected, using response.getWriter to write text out instead of response.getOutputStream
2014-01-20 18:10:59,273 (http-0.0.0.0-58443-1) [ Log4JLoggerFactory.java:81 :DEBUG] Could not find template in cache, creating new one; id=[component://common/webcommon/includes/htmlTemplate.ftl[en,UTF-8,parsed] ]
2014-01-20 18:10:59,276 (http-0.0.0.0-58443-1) [ Log4JLoggerFactory.java:81 :DEBUG] Compiling FreeMarker template component://common/webcommon/includes/htmlTemplate.ftl[en,UTF-8,parsed]  from org.ofbiz.base.util.template.FreeMarkerWorker$FlexibleTemplateSource@3309c542
2014-01-20 18:10:59,325 (http-0.0.0.0-58443-2) [ Log4JLoggerFactory.java:81 :DEBUG] component://common/webcommon/includes/htmlTemplate.ftl[en,UTF-8,parsed] cached copy not yet stale; using cached.
2014-01-20 18:10:59,326 (http-0.0.0.0-58443-2) [ Log4JLoggerFactory.java:81 :DEBUG] Could not find template in cache, creating new one; id=[component://widget/templates/htmlFormMacroLibrary.ftl[en,UTF-8,parsed] ]
2014-01-20 18:10:59,326 (http-0.0.0.0-58443-2) [ Log4JLoggerFactory.java:81 :DEBUG] Compiling FreeMarker template component://widget/templates/htmlFormMacroLibrary.ftl[en,UTF-8,parsed]  from org.ofbiz.base.util.template.FreeMarkerWorker$FlexibleTemplateSource@aeb9dc52
2014-01-20 18:10:59,518 (http-0.0.0.0-58443-1) [ Log4JLoggerFactory.java:81 :DEBUG] component://widget/templates/htmlFormMacroLibrary.ftl[en,UTF-8,parsed] cached copy not yet stale; using cached.
2014-01-20 18:10:59,664 (http-0.0.0.0-58443-2) [ Log4JLoggerFactory.java:81 :DEBUG] component://common/webcommon/includes/htmlTemplate.ftl[en,UTF-8,parsed] cached copy not yet stale; using cached.
2014-01-20 18:10:59,668 (http-0.0.0.0-58443-1) [ Log4JLoggerFactory.java:81 :DEBUG] component://common/webcommon/includes/htmlTemplate.ftl[en,UTF-8,parsed] cached copy not yet stale; using cached.
2014-01-20 18:10:59,668 (http-0.0.0.0-58443-1) [ Log4JLoggerFactory.java:81 :DEBUG] component://widget/templates/htmlFormMacroLibrary.ftl[en,UTF-8,parsed] cached copy not yet stale; using cached.
2014-01-20 18:10:59,675 (http-0.0.0.0-58443-2) [ Log4JLoggerFactory.java:81 :DEBUG] component://widget/templates/htmlFormMacroLibrary.ftl[en,UTF-8,parsed] cached copy not yet stale; using cached.
2014-01-20 18:11:04,966 (http-0.0.0.0-58443-2) [ Log4JLoggerFactory.java:81 :DEBUG] Could not find template in cache, creating new one; id=[component://common/webcommon/includes/htmlTemplate.ftl[en,UTF-8,parsed] ]
2014-01-20 18:11:04,969 (http-0.0.0.0-58443-2) [ Log4JLoggerFactory.java:81 :DEBUG] Compiling FreeMarker template component://common/webcommon/includes/htmlTemplate.ftl[en,UTF-8,parsed]  from org.ofbiz.base.util.template.FreeMarkerWorker$FlexibleTemplateSource@3309c542
2014-01-20 18:11:05,006 (http-0.0.0.0-58443-2) [ Log4JLoggerFactory.java:81 :DEBUG] Could not find template in cache, creating new one; id=[component://widget/templates/htmlFormMacroLibrary.ftl[en,UTF-8,parsed] ]
2014-01-20 18:11:05,010 (http-0.0.0.0-58443-2) [ Log4JLoggerFactory.java:81 :DEBUG] Compiling FreeMarker template component://widget/templates/htmlFormMacroLibrary.ftl[en,UTF-8,parsed]  from org.ofbiz.base.util.template.FreeMarkerWorker$FlexibleTemplateSource@aeb9dc52
2014-01-20 18:11:05,400 (http-0.0.0.0-58443-1) [ Log4JLoggerFactory.java:81 :DEBUG] component://common/webcommon/includes/htmlTemplate.ftl[en,UTF-8,parsed] cached copy not yet stale; using cached.
2014-01-20 18:11:05,401 (http-0.0.0.0-58443-1) [ Log4JLoggerFactory.java:81 :DEBUG] component://widget/templates/htmlFormMacroLibrary.ftl[en,UTF-8,parsed] cached copy not yet stale; using cached.
2014-01-20 18:11:05,675 (http-0.0.0.0-58443-1) [ Log4JLoggerFactory.java:81 :DEBUG] Could not find template in cache, creating new one; id=[component://vasista/includes/messages.ftl[en_US,UTF-8,parsed] ]
2014-01-20 18:11:05,676 (http-0.0.0.0-58443-1) [ Log4JLoggerFactory.java:81 :DEBUG] Compiling FreeMarker template component://vasista/includes/messages.ftl[en_US,UTF-8,parsed]  from org.ofbiz.base.util.template.FreeMarkerWorker$FlexibleTemplateSource@31ecd253
2014-01-20 18:11:05,704 (http-0.0.0.0-58443-2) [ Log4JLoggerFactory.java:81 :DEBUG] component://vasista/includes/messages.ftl[en_US,UTF-8,parsed] cached copy not yet stale; using cached.
2014-01-20 18:11:16,138 (http-0.0.0.0-58443-1) [      ContextFilter.java:209:INFO ] [Domain]: vasistanet [Request]: /webtools/control/login
2014-01-20 18:11:16,283 (http-0.0.0.0-58443-1) [   GenericDelegator.java:241:INFO ] Doing entity definition check...
2014-01-20 18:11:16,284 (http-0.0.0.0-58443-1) [ ModelEntityChecker.java:508:INFO ] [initReservedWords] array length=1023
2014-01-20 18:11:20,134 (http-0.0.0.0-58443-1) [ ServiceGroupReader.java:88 :INFO ] Loaded [1] Group definitions from file:/home/vadmin/working_copy/vbiz/branches/kmf/framework/common/servicedef/groups_test.xml
2014-01-20 18:11:20,154 (http-0.0.0.0-58443-1) [ ServiceGroupReader.java:88 :INFO ] Loaded [4] Group definitions from file:/home/vadmin/working_copy/vbiz/branches/kmf/framework/entityext/servicedef/groups.xml
2014-01-20 18:11:20,186 (http-0.0.0.0-58443-1) [ ServiceGroupReader.java:88 :INFO ] Loaded [2] Group definitions from file:/home/vadmin/working_copy/vbiz/branches/kmf/applications/workeffort/servicedef/service_groups.xml
2014-01-20 18:11:20,190 (http-0.0.0.0-58443-1) [ ServiceGroupReader.java:88 :INFO ] Loaded [4] Group definitions from file:/home/vadmin/working_copy/vbiz/branches/kmf/applications/accounting/servicedef/groups.xml
2014-01-20 18:11:21,336 (http-0.0.0.0-58443-1) [ Log4JLoggerFactory.java:81 :DEBUG] Updating source, info for cause: lastModifiedNotChanged=false, cache lastModified=1390221659274 != file lastModified=1390221681336
2014-01-20 18:11:21,341 (http-0.0.0.0-58443-1) [ Log4JLoggerFactory.java:81 :DEBUG] Compiling FreeMarker template component://common/webcommon/includes/htmlTemplate.ftl[en,UTF-8,parsed]  from org.ofbiz.base.util.template.FreeMarkerWorker$FlexibleTemplateSource@3309c542
2014-01-20 18:11:21,355 (http-0.0.0.0-58443-1) [ Log4JLoggerFactory.java:81 :DEBUG] Updating source, info for cause: lastModifiedNotChanged=false, cache lastModified=1390221659326 != file lastModified=1390221681355
2014-01-20 18:11:21,360 (http-0.0.0.0-58443-1) [ Log4JLoggerFactory.java:81 :DEBUG] Compiling FreeMarker template component://widget/templates/htmlFormMacroLibrary.ftl[en,UTF-8,parsed]  from org.ofbiz.base.util.template.FreeMarkerWorker$FlexibleTemplateSource@aeb9dc52
2014-01-20 18:11:21,447 (http-0.0.0.0-58443-1) [ Log4JLoggerFactory.java:81 :DEBUG] component://common/webcommon/includes/htmlTemplate.ftl[en,UTF-8,parsed] cached copy not yet stale; using cached.
2014-01-20 18:11:21,448 (http-0.0.0.0-58443-1) [ Log4JLoggerFactory.java:81 :DEBUG] component://widget/templates/htmlFormMacroLibrary.ftl[en,UTF-8,parsed] cached copy not yet stale; using cached.
2014-01-20 18:11:23,195 (http-0.0.0.0-58443-1) [ Log4JLoggerFactory.java:81 :DEBUG] Updating source, info for cause: lastModifiedNotChanged=false, cache lastModified=1390221664969 != file lastModified=1390221683195
2014-01-20 18:11:23,198 (http-0.0.0.0-58443-1) [ Log4JLoggerFactory.java:81 :DEBUG] Compiling FreeMarker template component://common/webcommon/includes/htmlTemplate.ftl[en,UTF-8,parsed]  from org.ofbiz.base.util.template.FreeMarkerWorker$FlexibleTemplateSource@3309c542
2014-01-20 18:11:23,215 (http-0.0.0.0-58443-1) [ Log4JLoggerFactory.java:81 :DEBUG] Updating source, info for cause: lastModifiedNotChanged=false, cache lastModified=1390221665010 != file lastModified=1390221683215
2014-01-20 18:11:23,216 (http-0.0.0.0-58443-1) [ Log4JLoggerFactory.java:81 :DEBUG] Compiling FreeMarker template component://widget/templates/htmlFormMacroLibrary.ftl[en,UTF-8,parsed]  from org.ofbiz.base.util.template.FreeMarkerWorker$FlexibleTemplateSource@aeb9dc52
2014-01-20 18:11:23,662 (http-0.0.0.0-58443-1) [ Log4JLoggerFactory.java:81 :DEBUG] component://common/webcommon/includes/htmlTemplate.ftl[en,UTF-8,parsed] cached copy not yet stale; using cached.
2014-01-20 18:11:23,663 (http-0.0.0.0-58443-1) [ Log4JLoggerFactory.java:81 :DEBUG] component://widget/templates/htmlFormMacroLibrary.ftl[en,UTF-8,parsed] cached copy not yet stale; using cached.
2014-01-20 18:11:24,478 (http-0.0.0.0-58443-1) [ Log4JLoggerFactory.java:81 :DEBUG] component://common/webcommon/includes/htmlTemplate.ftl[en,UTF-8,parsed] cached copy not yet stale; using cached.
2014-01-20 18:11:24,484 (http-0.0.0.0-58443-1) [ Log4JLoggerFactory.java:81 :DEBUG] component://widget/templates/htmlFormMacroLibrary.ftl[en,UTF-8,parsed] cached copy not yet stale; using cached.
2014-01-20 18:11:24,487 (http-0.0.0.0-58443-1) [ Log4JLoggerFactory.java:81 :DEBUG] component://common/webcommon/includes/htmlTemplate.ftl[en,UTF-8,parsed] cached copy not yet stale; using cached.
2014-01-20 18:11:24,492 (http-0.0.0.0-58443-1) [ Log4JLoggerFactory.java:81 :DEBUG] component://widget/templates/htmlFormMacroLibrary.ftl[en,UTF-8,parsed] cached copy not yet stale; using cached.
2014-01-20 18:11:24,533 (http-0.0.0.0-58443-1) [ Log4JLoggerFactory.java:81 :DEBUG] component://common/webcommon/includes/htmlTemplate.ftl[en,UTF-8,parsed] cached copy not yet stale; using cached.
2014-01-20 18:11:24,536 (http-0.0.0.0-58443-1) [ Log4JLoggerFactory.java:81 :DEBUG] component://widget/templates/htmlFormMacroLibrary.ftl[en,UTF-8,parsed] cached copy not yet stale; using cached.
2014-01-20 18:11:24,649 (http-0.0.0.0-58443-1) [ Log4JLoggerFactory.java:81 :DEBUG] component://common/webcommon/includes/htmlTemplate.ftl[en,UTF-8,parsed] cached copy not yet stale; using cached.
2014-01-20 18:11:24,650 (http-0.0.0.0-58443-1) [ Log4JLoggerFactory.java:81 :DEBUG] component://widget/templates/htmlFormMacroLibrary.ftl[en,UTF-8,parsed] cached copy not yet stale; using cached.
2014-01-20 18:11:28,796 (http-0.0.0.0-58443-1) [ Log4JLoggerFactory.java:81 :DEBUG] Updating source, info for cause: lastModifiedNotChanged=false, cache lastModified=1390221681336 != file lastModified=1390221688796
2014-01-20 18:11:28,797 (http-0.0.0.0-58443-1) [ Log4JLoggerFactory.java:81 :DEBUG] Compiling FreeMarker template component://common/webcommon/includes/htmlTemplate.ftl[en,UTF-8,parsed]  from org.ofbiz.base.util.template.FreeMarkerWorker$FlexibleTemplateSource@3309c542
2014-01-20 18:11:28,804 (http-0.0.0.0-58443-1) [ Log4JLoggerFactory.java:81 :DEBUG] Updating source, info for cause: lastModifiedNotChanged=false, cache lastModified=1390221681355 != file lastModified=1390221688804
2014-01-20 18:11:28,807 (http-0.0.0.0-58443-1) [ Log4JLoggerFactory.java:81 :DEBUG] Compiling FreeMarker template component://widget/templates/htmlFormMacroLibrary.ftl[en,UTF-8,parsed]  from org.ofbiz.base.util.template.FreeMarkerWorker$FlexibleTemplateSource@aeb9dc52
2014-01-20 18:11:28,914 (http-0.0.0.0-58443-1) [ Log4JLoggerFactory.java:81 :DEBUG] component://common/webcommon/includes/htmlTemplate.ftl[en,UTF-8,parsed] cached copy not yet stale; using cached.
2014-01-20 18:11:28,915 (http-0.0.0.0-58443-1) [ Log4JLoggerFactory.java:81 :DEBUG] component://widget/templates/htmlFormMacroLibrary.ftl[en,UTF-8,parsed] cached copy not yet stale; using cached.
2014-01-20 18:11:29,179 (http-0.0.0.0-58443-1) [ Log4JLoggerFactory.java:81 :DEBUG] Updating source, info for cause: lastModifiedNotChanged=false, cache lastModified=1390221683195 != file lastModified=1390221689179
2014-01-20 18:11:29,180 (http-0.0.0.0-58443-1) [ Log4JLoggerFactory.java:81 :DEBUG] Compiling FreeMarker template component://common/webcommon/includes/htmlTemplate.ftl[en,UTF-8,parsed]  from org.ofbiz.base.util.template.FreeMarkerWorker$FlexibleTemplateSource@3309c542
2014-01-20 18:11:29,186 (http-0.0.0.0-58443-1) [ Log4JLoggerFactory.java:81 :DEBUG] Updating source, info for cause: lastModifiedNotChanged=false, cache lastModified=1390221683215 != file lastModified=1390221689186
2014-01-20 18:11:29,187 (http-0.0.0.0-58443-1) [ Log4JLoggerFactory.java:81 :DEBUG] Compiling FreeMarker template component://widget/templates/htmlFormMacroLibrary.ftl[en,UTF-8,parsed]  from org.ofbiz.base.util.template.FreeMarkerWorker$FlexibleTemplateSource@aeb9dc52
2014-01-20 18:11:29,336 (http-0.0.0.0-58443-1) [ Log4JLoggerFactory.java:81 :DEBUG] component://common/webcommon/includes/htmlTemplate.ftl[en,UTF-8,parsed] cached copy not yet stale; using cached.
2014-01-20 18:11:29,345 (http-0.0.0.0-58443-1) [ Log4JLoggerFactory.java:81 :DEBUG] component://widget/templates/htmlFormMacroLibrary.ftl[en,UTF-8,parsed] cached copy not yet stale; using cached.
2014-01-20 18:11:29,592 (http-0.0.0.0-58443-1) [ Log4JLoggerFactory.java:81 :DEBUG] component://common/webcommon/includes/htmlTemplate.ftl[en,UTF-8,parsed] cached copy not yet stale; using cached.
2014-01-20 18:11:29,592 (http-0.0.0.0-58443-1) [ Log4JLoggerFactory.java:81 :DEBUG] component://widget/templates/htmlFormMacroLibrary.ftl[en,UTF-8,parsed] cached copy not yet stale; using cached.
2014-01-20 18:11:29,594 (http-0.0.0.0-58443-1) [ Log4JLoggerFactory.java:81 :DEBUG] component://common/webcommon/includes/htmlTemplate.ftl[en,UTF-8,parsed] cached copy not yet stale; using cached.
2014-01-20 18:11:29,599 (http-0.0.0.0-58443-1) [ Log4JLoggerFactory.java:81 :DEBUG] component://widget/templates/htmlFormMacroLibrary.ftl[en,UTF-8,parsed] cached copy not yet stale; using cached.
2014-01-20 18:11:29,779 (http-0.0.0.0-58443-1) [ Log4JLoggerFactory.java:81 :DEBUG] component://common/webcommon/includes/htmlTemplate.ftl[en,UTF-8,parsed] cached copy not yet stale; using cached.
2014-01-20 18:11:29,779 (http-0.0.0.0-58443-1) [ Log4JLoggerFactory.java:81 :DEBUG] component://widget/templates/htmlFormMacroLibrary.ftl[en,UTF-8,parsed] cached copy not yet stale; using cached.
2014-01-20 18:11:30,183 (http-0.0.0.0-58443-1) [ Log4JLoggerFactory.java:81 :DEBUG] component://common/webcommon/includes/htmlTemplate.ftl[en,UTF-8,parsed] cached copy not yet stale; using cached.
2014-01-20 18:11:30,184 (http-0.0.0.0-58443-1) [ Log4JLoggerFactory.java:81 :DEBUG] component://widget/templates/htmlFormMacroLibrary.ftl[en,UTF-8,parsed] cached copy not yet stale; using cached.
2014-01-20 18:11:45,343 (http-0.0.0.0-58443-1) [ Log4JLoggerFactory.java:81 :DEBUG] Updating source, info for cause: lastModifiedNotChanged=false, cache lastModified=1390221688796 != file lastModified=1390221705343
2014-01-20 18:11:45,344 (http-0.0.0.0-58443-1) [ Log4JLoggerFactory.java:81 :DEBUG] Compiling FreeMarker template component://common/webcommon/includes/htmlTemplate.ftl[en,UTF-8,parsed]  from org.ofbiz.base.util.template.FreeMarkerWorker$FlexibleTemplateSource@3309c542
2014-01-20 18:11:45,358 (http-0.0.0.0-58443-1) [ Log4JLoggerFactory.java:81 :DEBUG] Updating source, info for cause: lastModifiedNotChanged=false, cache lastModified=1390221688804 != file lastModified=1390221705358
2014-01-20 18:11:45,358 (http-0.0.0.0-58443-1) [ Log4JLoggerFactory.java:81 :DEBUG] Compiling FreeMarker template component://widget/templates/htmlFormMacroLibrary.ftl[en,UTF-8,parsed]  from org.ofbiz.base.util.template.FreeMarkerWorker$FlexibleTemplateSource@aeb9dc52
2014-01-20 18:11:45,521 (http-0.0.0.0-58443-1) [ Log4JLoggerFactory.java:81 :DEBUG] component://common/webcommon/includes/htmlTemplate.ftl[en,UTF-8,parsed] cached copy not yet stale; using cached.
2014-01-20 18:11:45,522 (http-0.0.0.0-58443-1) [ Log4JLoggerFactory.java:81 :DEBUG] component://widget/templates/htmlFormMacroLibrary.ftl[en,UTF-8,parsed] cached copy not yet stale; using cached.
2014-01-20 18:11:46,231 (http-0.0.0.0-58443-1) [ Log4JLoggerFactory.java:81 :DEBUG] Updating source, info for cause: lastModifiedNotChanged=false, cache lastModified=1390221689179 != file lastModified=1390221706231
2014-01-20 18:11:46,240 (http-0.0.0.0-58443-1) [ Log4JLoggerFactory.java:81 :DEBUG] Compiling FreeMarker template component://common/webcommon/includes/htmlTemplate.ftl[en,UTF-8,parsed]  from org.ofbiz.base.util.template.FreeMarkerWorker$FlexibleTemplateSource@3309c542
2014-01-20 18:11:46,252 (http-0.0.0.0-58443-1) [ Log4JLoggerFactory.java:81 :DEBUG] Updating source, info for cause: lastModifiedNotChanged=false, cache lastModified=1390221689186 != file lastModified=1390221706252
2014-01-20 18:11:46,252 (http-0.0.0.0-58443-1) [ Log4JLoggerFactory.java:81 :DEBUG] Compiling FreeMarker template component://widget/templates/htmlFormMacroLibrary.ftl[en,UTF-8,parsed]  from org.ofbiz.base.util.template.FreeMarkerWorker$FlexibleTemplateSource@aeb9dc52
2014-01-20 18:11:46,537 (http-0.0.0.0-58443-1) [ Log4JLoggerFactory.java:81 :DEBUG] component://common/webcommon/includes/htmlTemplate.ftl[en,UTF-8,parsed] cached copy not yet stale; using cached.
2014-01-20 18:11:46,538 (http-0.0.0.0-58443-1) [ Log4JLoggerFactory.java:81 :DEBUG] component://widget/templates/htmlFormMacroLibrary.ftl[en,UTF-8,parsed] cached copy not yet stale; using cached.
2014-01-20 18:11:46,847 (http-0.0.0.0-58443-1) [ Log4JLoggerFactory.java:81 :DEBUG] component://common/webcommon/includes/htmlTemplate.ftl[en,UTF-8,parsed] cached copy not yet stale; using cached.
2014-01-20 18:11:46,859 (http-0.0.0.0-58443-1) [ Log4JLoggerFactory.java:81 :DEBUG] component://widget/templates/htmlFormMacroLibrary.ftl[en,UTF-8,parsed] cached copy not yet stale; using cached.
2014-01-20 18:11:46,862 (http-0.0.0.0-58443-1) [ Log4JLoggerFactory.java:81 :DEBUG] component://common/webcommon/includes/htmlTemplate.ftl[en,UTF-8,parsed] cached copy not yet stale; using cached.
2014-01-20 18:11:46,864 (http-0.0.0.0-58443-1) [ Log4JLoggerFactory.java:81 :DEBUG] component://widget/templates/htmlFormMacroLibrary.ftl[en,UTF-8,parsed] cached copy not yet stale; using cached.
2014-01-20 18:11:46,891 (http-0.0.0.0-58443-1) [ Log4JLoggerFactory.java:81 :DEBUG] component://common/webcommon/includes/htmlTemplate.ftl[en,UTF-8,parsed] cached copy not yet stale; using cached.
2014-01-20 18:11:46,892 (http-0.0.0.0-58443-1) [ Log4JLoggerFactory.java:81 :DEBUG] component://widget/templates/htmlFormMacroLibrary.ftl[en,UTF-8,parsed] cached copy not yet stale; using cached.
2014-01-20 18:11:46,905 (http-0.0.0.0-58443-1) [ Log4JLoggerFactory.java:81 :DEBUG] component://common/webcommon/includes/htmlTemplate.ftl[en,UTF-8,parsed] cached copy not yet stale; using cached.
2014-01-20 18:11:46,911 (http-0.0.0.0-58443-1) [ Log4JLoggerFactory.java:81 :DEBUG] component://widget/templates/htmlFormMacroLibrary.ftl[en,UTF-8,parsed] cached copy not yet stale; using cached.
2014-01-20 18:12:52,754 (http-0.0.0.0-58443-1) [ Log4JLoggerFactory.java:81 :DEBUG] Updating source, info for cause: lastModifiedNotChanged=false, cache lastModified=1390221705343 != file lastModified=1390221772754
2014-01-20 18:12:52,755 (http-0.0.0.0-58443-1) [ Log4JLoggerFactory.java:81 :DEBUG] Compiling FreeMarker template component://common/webcommon/includes/htmlTemplate.ftl[en,UTF-8,parsed]  from org.ofbiz.base.util.template.FreeMarkerWorker$FlexibleTemplateSource@3309c542
2014-01-20 18:12:52,759 (http-0.0.0.0-58443-1) [ Log4JLoggerFactory.java:81 :DEBUG] Updating source, info for cause: lastModifiedNotChanged=false, cache lastModified=1390221705358 != file lastModified=1390221772759
2014-01-20 18:12:52,760 (http-0.0.0.0-58443-1) [ Log4JLoggerFactory.java:81 :DEBUG] Compiling FreeMarker template component://widget/templates/htmlFormMacroLibrary.ftl[en,UTF-8,parsed]  from org.ofbiz.base.util.template.FreeMarkerWorker$FlexibleTemplateSource@aeb9dc52
2014-01-20 18:12:52,816 (http-0.0.0.0-58443-1) [ Log4JLoggerFactory.java:81 :DEBUG] component://common/webcommon/includes/htmlTemplate.ftl[en,UTF-8,parsed] cached copy not yet stale; using cached.
2014-01-20 18:12:52,816 (http-0.0.0.0-58443-1) [ Log4JLoggerFactory.java:81 :DEBUG] component://widget/templates/htmlFormMacroLibrary.ftl[en,UTF-8,parsed] cached copy not yet stale; using cached.
2014-01-20 18:12:53,082 (http-0.0.0.0-58443-1) [ Log4JLoggerFactory.java:81 :DEBUG] Updating source, info for cause: lastModifiedNotChanged=false, cache lastModified=1390221706231 != file lastModified=1390221773082
2014-01-20 18:12:53,083 (http-0.0.0.0-58443-1) [ Log4JLoggerFactory.java:81 :DEBUG] Compiling FreeMarker template component://common/webcommon/includes/htmlTemplate.ftl[en,UTF-8,parsed]  from org.ofbiz.base.util.template.FreeMarkerWorker$FlexibleTemplateSource@3309c542
2014-01-20 18:12:53,088 (http-0.0.0.0-58443-1) [ Log4JLoggerFactory.java:81 :DEBUG] Updating source, info for cause: lastModifiedNotChanged=false, cache lastModified=1390221706252 != file lastModified=1390221773088
2014-01-20 18:12:53,089 (http-0.0.0.0-58443-1) [ Log4JLoggerFactory.java:81 :DEBUG] Compiling FreeMarker template component://widget/templates/htmlFormMacroLibrary.ftl[en,UTF-8,parsed]  from org.ofbiz.base.util.template.FreeMarkerWorker$FlexibleTemplateSource@aeb9dc52
2014-01-20 18:12:53,212 (http-0.0.0.0-58443-1) [ Log4JLoggerFactory.java:81 :DEBUG] component://common/webcommon/includes/htmlTemplate.ftl[en,UTF-8,parsed] cached copy not yet stale; using cached.
2014-01-20 18:12:53,213 (http-0.0.0.0-58443-1) [ Log4JLoggerFactory.java:81 :DEBUG] component://widget/templates/htmlFormMacroLibrary.ftl[en,UTF-8,parsed] cached copy not yet stale; using cached.
2014-01-20 18:12:53,310 (http-0.0.0.0-58443-1) [ Log4JLoggerFactory.java:81 :DEBUG] component://common/webcommon/includes/htmlTemplate.ftl[en,UTF-8,parsed] cached copy not yet stale; using cached.
2014-01-20 18:12:53,311 (http-0.0.0.0-58443-1) [ Log4JLoggerFactory.java:81 :DEBUG] component://widget/templates/htmlFormMacroLibrary.ftl[en,UTF-8,parsed] cached copy not yet stale; using cached.
2014-01-20 18:12:53,313 (http-0.0.0.0-58443-1) [ Log4JLoggerFactory.java:81 :DEBUG] component://common/webcommon/includes/htmlTemplate.ftl[en,UTF-8,parsed] cached copy not yet stale; using cached.
2014-01-20 18:12:53,314 (http-0.0.0.0-58443-1) [ Log4JLoggerFactory.java:81 :DEBUG] component://widget/templates/htmlFormMacroLibrary.ftl[en,UTF-8,parsed] cached copy not yet stale; using cached.
2014-01-20 18:12:53,320 (http-0.0.0.0-58443-1) [ Log4JLoggerFactory.java:81 :DEBUG] component://common/webcommon/includes/htmlTemplate.ftl[en,UTF-8,parsed] cached copy not yet stale; using cached.
2014-01-20 18:12:53,321 (http-0.0.0.0-58443-1) [ Log4JLoggerFactory.java:81 :DEBUG] component://widget/templates/htmlFormMacroLibrary.ftl[en,UTF-8,parsed] cached copy not yet stale; using cached.
2014-01-20 18:12:53,327 (http-0.0.0.0-58443-1) [ Log4JLoggerFactory.java:81 :DEBUG] component://common/webcommon/includes/htmlTemplate.ftl[en,UTF-8,parsed] cached copy not yet stale; using cached.
2014-01-20 18:12:53,328 (http-0.0.0.0-58443-1) [ Log4JLoggerFactory.java:81 :DEBUG] component://widget/templates/htmlFormMacroLibrary.ftl[en,UTF-8,parsed] cached copy not yet stale; using cached.
2014-01-20 18:12:56,890 (http-0.0.0.0-58443-1) [ Log4JLoggerFactory.java:81 :DEBUG] component://common/webcommon/includes/htmlTemplate.ftl[en,UTF-8,parsed] cached copy not yet stale; using cached.
2014-01-20 18:12:56,891 (http-0.0.0.0-58443-1) [ Log4JLoggerFactory.java:81 :DEBUG] component://widget/templates/htmlFormMacroLibrary.ftl[en,UTF-8,parsed] cached copy not yet stale; using cached.
2014-01-20 18:12:56,896 (http-0.0.0.0-58443-1) [ Log4JLoggerFactory.java:81 :DEBUG] component://common/webcommon/includes/htmlTemplate.ftl[en,UTF-8,parsed] cached copy not yet stale; using cached.
2014-01-20 18:12:56,896 (http-0.0.0.0-58443-1) [ Log4JLoggerFactory.java:81 :DEBUG] component://widget/templates/htmlFormMacroLibrary.ftl[en,UTF-8,parsed] cached copy not yet stale; using cached.
2014-01-21 11:32:46,793 (http-0.0.0.0-58443-1) [ Log4JLoggerFactory.java:81 :DEBUG] Could not find template in cache, creating new one; id=[component://common/webcommon/includes/htmlTemplate.ftl[en,UTF-8,parsed] ]
2014-01-21 11:32:46,794 (http-0.0.0.0-58443-1) [ Log4JLoggerFactory.java:81 :DEBUG] Compiling FreeMarker template component://common/webcommon/includes/htmlTemplate.ftl[en,UTF-8,parsed]  from org.ofbiz.base.util.template.FreeMarkerWorker$FlexibleTemplateSource@3309c542
2014-01-21 11:32:46,821 (http-0.0.0.0-58443-1) [ Log4JLoggerFactory.java:81 :DEBUG] Could not find template in cache, creating new one; id=[component://widget/templates/htmlFormMacroLibrary.ftl[en,UTF-8,parsed] ]
2014-01-21 11:32:46,822 (http-0.0.0.0-58443-1) [ Log4JLoggerFactory.java:81 :DEBUG] Compiling FreeMarker template component://widget/templates/htmlFormMacroLibrary.ftl[en,UTF-8,parsed]  from org.ofbiz.base.util.template.FreeMarkerWorker$FlexibleTemplateSource@aeb9dc52
2014-01-21 11:32:46,910 (http-0.0.0.0-58443-1) [ Log4JLoggerFactory.java:81 :DEBUG] component://common/webcommon/includes/htmlTemplate.ftl[en,UTF-8,parsed] cached copy not yet stale; using cached.
2014-01-21 11:32:46,911 (http-0.0.0.0-58443-1) [ Log4JLoggerFactory.java:81 :DEBUG] component://widget/templates/htmlFormMacroLibrary.ftl[en,UTF-8,parsed] cached copy not yet stale; using cached.
2014-01-21 11:32:47,452 (http-0.0.0.0-58443-1) [ Log4JLoggerFactory.java:81 :DEBUG] Could not find template in cache, creating new one; id=[component://common/webcommon/includes/htmlTemplate.ftl[en,UTF-8,parsed] ]
2014-01-21 11:32:47,453 (http-0.0.0.0-58443-1) [ Log4JLoggerFactory.java:81 :DEBUG] Compiling FreeMarker template component://common/webcommon/includes/htmlTemplate.ftl[en,UTF-8,parsed]  from org.ofbiz.base.util.template.FreeMarkerWorker$FlexibleTemplateSource@3309c542
2014-01-21 11:32:47,458 (http-0.0.0.0-58443-1) [ Log4JLoggerFactory.java:81 :DEBUG] Could not find template in cache, creating new one; id=[component://widget/templates/htmlFormMacroLibrary.ftl[en,UTF-8,parsed] ]
2014-01-21 11:32:47,458 (http-0.0.0.0-58443-1) [ Log4JLoggerFactory.java:81 :DEBUG] Compiling FreeMarker template component://widget/templates/htmlFormMacroLibrary.ftl[en,UTF-8,parsed]  from org.ofbiz.base.util.template.FreeMarkerWorker$FlexibleTemplateSource@aeb9dc52
2014-01-21 11:32:47,525 (http-0.0.0.0-58443-1) [ Log4JLoggerFactory.java:81 :DEBUG] Could not find template in cache, creating new one; id=[component://vasista/includes/messages.ftl[en_US,UTF-8,parsed] ]
2014-01-21 11:32:47,526 (http-0.0.0.0-58443-1) [ Log4JLoggerFactory.java:81 :DEBUG] Compiling FreeMarker template component://vasista/includes/messages.ftl[en_US,UTF-8,parsed]  from org.ofbiz.base.util.template.FreeMarkerWorker$FlexibleTemplateSource@31ecd253
2014-01-21 11:33:01,436 (http-0.0.0.0-58443-1) [ Log4JLoggerFactory.java:81 :DEBUG] Updating source, info for cause: lastModifiedNotChanged=false, cache lastModified=1390284166794 != file lastModified=1390284181436
2014-01-21 11:33:01,436 (http-0.0.0.0-58443-1) [ Log4JLoggerFactory.java:81 :DEBUG] Compiling FreeMarker template component://common/webcommon/includes/htmlTemplate.ftl[en,UTF-8,parsed]  from org.ofbiz.base.util.template.FreeMarkerWorker$FlexibleTemplateSource@3309c542
2014-01-21 11:33:01,441 (http-0.0.0.0-58443-1) [ Log4JLoggerFactory.java:81 :DEBUG] Updating source, info for cause: lastModifiedNotChanged=false, cache lastModified=1390284166822 != file lastModified=1390284181441
2014-01-21 11:33:01,441 (http-0.0.0.0-58443-1) [ Log4JLoggerFactory.java:81 :DEBUG] Compiling FreeMarker template component://widget/templates/htmlFormMacroLibrary.ftl[en,UTF-8,parsed]  from org.ofbiz.base.util.template.FreeMarkerWorker$FlexibleTemplateSource@aeb9dc52
2014-01-21 11:33:01,496 (http-0.0.0.0-58443-1) [ Log4JLoggerFactory.java:81 :DEBUG] component://common/webcommon/includes/htmlTemplate.ftl[en,UTF-8,parsed] cached copy not yet stale; using cached.
2014-01-21 11:33:01,497 (http-0.0.0.0-58443-1) [ Log4JLoggerFactory.java:81 :DEBUG] component://widget/templates/htmlFormMacroLibrary.ftl[en,UTF-8,parsed] cached copy not yet stale; using cached.
2014-01-21 11:33:05,520 (http-0.0.0.0-58443-1) [ Log4JLoggerFactory.java:81 :DEBUG] Could not find template in cache, creating new one; id=[component://common/webcommon/includes/htmlTemplate.ftl[en,UTF-8,parsed] ]
2014-01-21 11:33:05,521 (http-0.0.0.0-58443-1) [ Log4JLoggerFactory.java:81 :DEBUG] Compiling FreeMarker template component://common/webcommon/includes/htmlTemplate.ftl[en,UTF-8,parsed]  from org.ofbiz.base.util.template.FreeMarkerWorker$FlexibleTemplateSource@3309c542
2014-01-21 11:33:05,525 (http-0.0.0.0-58443-1) [ Log4JLoggerFactory.java:81 :DEBUG] Could not find template in cache, creating new one; id=[component://widget/templates/htmlFormMacroLibrary.ftl[en,UTF-8,parsed] ]
2014-01-21 11:33:05,532 (http-0.0.0.0-58443-1) [ Log4JLoggerFactory.java:81 :DEBUG] Compiling FreeMarker template component://widget/templates/htmlFormMacroLibrary.ftl[en,UTF-8,parsed]  from org.ofbiz.base.util.template.FreeMarkerWorker$FlexibleTemplateSource@aeb9dc52
2014-01-21 11:33:05,702 (http-0.0.0.0-58443-1) [ Log4JLoggerFactory.java:81 :DEBUG] component://common/webcommon/includes/htmlTemplate.ftl[en,UTF-8,parsed] cached copy not yet stale; using cached.
2014-01-21 11:33:05,703 (http-0.0.0.0-58443-1) [ Log4JLoggerFactory.java:81 :DEBUG] component://widget/templates/htmlFormMacroLibrary.ftl[en,UTF-8,parsed] cached copy not yet stale; using cached.
2014-01-21 11:33:05,944 (http-0.0.0.0-58443-1) [ Log4JLoggerFactory.java:81 :DEBUG] component://common/webcommon/includes/htmlTemplate.ftl[en,UTF-8,parsed] cached copy not yet stale; using cached.
2014-01-21 11:33:05,945 (http-0.0.0.0-58443-1) [ Log4JLoggerFactory.java:81 :DEBUG] component://widget/templates/htmlFormMacroLibrary.ftl[en,UTF-8,parsed] cached copy not yet stale; using cached.
2014-01-21 11:33:05,947 (http-0.0.0.0-58443-1) [ Log4JLoggerFactory.java:81 :DEBUG] component://common/webcommon/includes/htmlTemplate.ftl[en,UTF-8,parsed] cached copy not yet stale; using cached.
2014-01-21 11:33:05,948 (http-0.0.0.0-58443-1) [ Log4JLoggerFactory.java:81 :DEBUG] component://widget/templates/htmlFormMacroLibrary.ftl[en,UTF-8,parsed] cached copy not yet stale; using cached.
2014-01-21 11:33:10,365 (http-0.0.0.0-58443-1) [ Log4JLoggerFactory.java:81 :DEBUG] Could not find template in cache, creating new one; id=[component://common/webcommon/includes/htmlTemplate.ftl[en,UTF-8,parsed] ]
2014-01-21 11:33:10,365 (http-0.0.0.0-58443-1) [ Log4JLoggerFactory.java:81 :DEBUG] Compiling FreeMarker template component://common/webcommon/includes/htmlTemplate.ftl[en,UTF-8,parsed]  from org.ofbiz.base.util.template.FreeMarkerWorker$FlexibleTemplateSource@3309c542
2014-01-21 11:33:10,370 (http-0.0.0.0-58443-1) [ Log4JLoggerFactory.java:81 :DEBUG] Could not find template in cache, creating new one; id=[component://widget/templates/htmlFormMacroLibrary.ftl[en,UTF-8,parsed] ]
2014-01-21 11:33:10,370 (http-0.0.0.0-58443-1) [ Log4JLoggerFactory.java:81 :DEBUG] Compiling FreeMarker template component://widget/templates/htmlFormMacroLibrary.ftl[en,UTF-8,parsed]  from org.ofbiz.base.util.template.FreeMarkerWorker$FlexibleTemplateSource@aeb9dc52
2014-01-21 11:33:10,460 (http-0.0.0.0-58443-1) [ Log4JLoggerFactory.java:81 :DEBUG] component://common/webcommon/includes/htmlTemplate.ftl[en,UTF-8,parsed] cached copy not yet stale; using cached.
2014-01-21 11:33:10,460 (http-0.0.0.0-58443-1) [ Log4JLoggerFactory.java:81 :DEBUG] component://widget/templates/htmlFormMacroLibrary.ftl[en,UTF-8,parsed] cached copy not yet stale; using cached.
2014-01-21 11:33:10,606 (http-0.0.0.0-58443-1) [ Log4JLoggerFactory.java:81 :DEBUG] Updating source, info for cause: lastModifiedNotChanged=false, cache lastModified=1390284185521 != file lastModified=1390284190606
2014-01-21 11:33:10,608 (http-0.0.0.0-58443-1) [ Log4JLoggerFactory.java:81 :DEBUG] Compiling FreeMarker template component://common/webcommon/includes/htmlTemplate.ftl[en,UTF-8,parsed]  from org.ofbiz.base.util.template.FreeMarkerWorker$FlexibleTemplateSource@3309c542
2014-01-21 11:33:10,613 (http-0.0.0.0-58443-1) [ Log4JLoggerFactory.java:81 :DEBUG] Updating source, info for cause: lastModifiedNotChanged=false, cache lastModified=1390284185532 != file lastModified=1390284190613
2014-01-21 11:33:10,620 (http-0.0.0.0-58443-1) [ Log4JLoggerFactory.java:81 :DEBUG] Compiling FreeMarker template component://widget/templates/htmlFormMacroLibrary.ftl[en,UTF-8,parsed]  from org.ofbiz.base.util.template.FreeMarkerWorker$FlexibleTemplateSource@aeb9dc52
2014-01-21 11:33:10,833 (http-0.0.0.0-58443-1) [ Log4JLoggerFactory.java:81 :DEBUG] component://common/webcommon/includes/htmlTemplate.ftl[en,UTF-8,parsed] cached copy not yet stale; using cached.
2014-01-21 11:33:10,841 (http-0.0.0.0-58443-1) [ Log4JLoggerFactory.java:81 :DEBUG] component://widget/templates/htmlFormMacroLibrary.ftl[en,UTF-8,parsed] cached copy not yet stale; using cached.
2014-01-21 11:33:11,038 (http-0.0.0.0-58443-1) [ Log4JLoggerFactory.java:81 :DEBUG] component://common/webcommon/includes/htmlTemplate.ftl[en,UTF-8,parsed] cached copy not yet stale; using cached.
2014-01-21 11:33:11,039 (http-0.0.0.0-58443-1) [ Log4JLoggerFactory.java:81 :DEBUG] component://widget/templates/htmlFormMacroLibrary.ftl[en,UTF-8,parsed] cached copy not yet stale; using cached.
2014-01-21 11:33:11,040 (http-0.0.0.0-58443-1) [ Log4JLoggerFactory.java:81 :DEBUG] component://common/webcommon/includes/htmlTemplate.ftl[en,UTF-8,parsed] cached copy not yet stale; using cached.
2014-01-21 11:33:11,041 (http-0.0.0.0-58443-1) [ Log4JLoggerFactory.java:81 :DEBUG] component://widget/templates/htmlFormMacroLibrary.ftl[en,UTF-8,parsed] cached copy not yet stale; using cached.
2014-01-21 11:33:11,088 (http-0.0.0.0-58443-1) [ Log4JLoggerFactory.java:81 :DEBUG] component://common/webcommon/includes/htmlTemplate.ftl[en,UTF-8,parsed] cached copy not yet stale; using cached.
2014-01-21 11:33:11,088 (http-0.0.0.0-58443-1) [ Log4JLoggerFactory.java:81 :DEBUG] component://widget/templates/htmlFormMacroLibrary.ftl[en,UTF-8,parsed] cached copy not yet stale; using cached.
2014-01-21 11:33:11,158 (http-0.0.0.0-58443-1) [ Log4JLoggerFactory.java:81 :DEBUG] component://common/webcommon/includes/htmlTemplate.ftl[en,UTF-8,parsed] cached copy not yet stale; using cached.
2014-01-21 11:33:11,159 (http-0.0.0.0-58443-1) [ Log4JLoggerFactory.java:81 :DEBUG] component://widget/templates/htmlFormMacroLibrary.ftl[en,UTF-8,parsed] cached copy not yet stale; using cached.
2014-01-21 11:33:13,423 (http-0.0.0.0-58443-1) [ Log4JLoggerFactory.java:81 :DEBUG] component://common/webcommon/includes/htmlTemplate.ftl[en,UTF-8,parsed] cached copy not yet stale; using cached.
2014-01-21 11:33:13,424 (http-0.0.0.0-58443-1) [ Log4JLoggerFactory.java:81 :DEBUG] component://widget/templates/htmlFormMacroLibrary.ftl[en,UTF-8,parsed] cached copy not yet stale; using cached.
2014-01-21 11:33:13,428 (http-0.0.0.0-58443-1) [ Log4JLoggerFactory.java:81 :DEBUG] component://common/webcommon/includes/htmlTemplate.ftl[en,UTF-8,parsed] cached copy not yet stale; using cached.
2014-01-21 11:33:13,429 (http-0.0.0.0-58443-1) [ Log4JLoggerFactory.java:81 :DEBUG] component://widget/templates/htmlFormMacroLibrary.ftl[en,UTF-8,parsed] cached copy not yet stale; using cached.
2014-01-21 11:35:15,978 (http-0.0.0.0-58443-11) [ Log4JLoggerFactory.java:81 :DEBUG] Updating source, info for cause: lastModifiedNotChanged=false, cache lastModified=1390284190365 != file lastModified=1390284315978
2014-01-21 11:35:15,979 (http-0.0.0.0-58443-11) [ Log4JLoggerFactory.java:81 :DEBUG] Compiling FreeMarker template component://common/webcommon/includes/htmlTemplate.ftl[en,UTF-8,parsed]  from org.ofbiz.base.util.template.FreeMarkerWorker$FlexibleTemplateSource@3309c542
2014-01-21 11:35:15,983 (http-0.0.0.0-58443-11) [ Log4JLoggerFactory.java:81 :DEBUG] Updating source, info for cause: lastModifiedNotChanged=false, cache lastModified=1390284190370 != file lastModified=1390284315983
2014-01-21 11:35:15,983 (http-0.0.0.0-58443-11) [ Log4JLoggerFactory.java:81 :DEBUG] Compiling FreeMarker template component://widget/templates/htmlFormMacroLibrary.ftl[en,UTF-8,parsed]  from org.ofbiz.base.util.template.FreeMarkerWorker$FlexibleTemplateSource@aeb9dc52
2014-01-21 11:35:16,036 (http-0.0.0.0-58443-11) [ Log4JLoggerFactory.java:81 :DEBUG] component://common/webcommon/includes/htmlTemplate.ftl[en,UTF-8,parsed] cached copy not yet stale; using cached.
2014-01-21 11:35:16,036 (http-0.0.0.0-58443-11) [ Log4JLoggerFactory.java:81 :DEBUG] component://widget/templates/htmlFormMacroLibrary.ftl[en,UTF-8,parsed] cached copy not yet stale; using cached.
2014-01-21 11:35:16,872 (http-0.0.0.0-58443-11) [ Log4JLoggerFactory.java:81 :DEBUG] Updating source, info for cause: lastModifiedNotChanged=false, cache lastModified=1390284190606 != file lastModified=1390284316872
2014-01-21 11:35:16,873 (http-0.0.0.0-58443-11) [ Log4JLoggerFactory.java:81 :DEBUG] Compiling FreeMarker template component://common/webcommon/includes/htmlTemplate.ftl[en,UTF-8,parsed]  from org.ofbiz.base.util.template.FreeMarkerWorker$FlexibleTemplateSource@3309c542
2014-01-21 11:35:16,886 (http-0.0.0.0-58443-11) [ Log4JLoggerFactory.java:81 :DEBUG] Updating source, info for cause: lastModifiedNotChanged=false, cache lastModified=1390284190613 != file lastModified=1390284316886
2014-01-21 11:35:16,886 (http-0.0.0.0-58443-11) [ Log4JLoggerFactory.java:81 :DEBUG] Compiling FreeMarker template component://widget/templates/htmlFormMacroLibrary.ftl[en,UTF-8,parsed]  from org.ofbiz.base.util.template.FreeMarkerWorker$FlexibleTemplateSource@aeb9dc52
2014-01-21 11:35:16,997 (http-0.0.0.0-58443-11) [ Log4JLoggerFactory.java:81 :DEBUG] component://common/webcommon/includes/htmlTemplate.ftl[en,UTF-8,parsed] cached copy not yet stale; using cached.
2014-01-21 11:35:16,997 (http-0.0.0.0-58443-11) [ Log4JLoggerFactory.java:81 :DEBUG] component://widget/templates/htmlFormMacroLibrary.ftl[en,UTF-8,parsed] cached copy not yet stale; using cached.
2014-01-21 11:35:17,314 (http-0.0.0.0-58443-11) [ Log4JLoggerFactory.java:81 :DEBUG] component://common/webcommon/includes/htmlTemplate.ftl[en,UTF-8,parsed] cached copy not yet stale; using cached.
2014-01-21 11:35:17,321 (http-0.0.0.0-58443-11) [ Log4JLoggerFactory.java:81 :DEBUG] component://widget/templates/htmlFormMacroLibrary.ftl[en,UTF-8,parsed] cached copy not yet stale; using cached.
2014-01-21 11:35:17,323 (http-0.0.0.0-58443-11) [ Log4JLoggerFactory.java:81 :DEBUG] component://common/webcommon/includes/htmlTemplate.ftl[en,UTF-8,parsed] cached copy not yet stale; using cached.
2014-01-21 11:35:17,324 (http-0.0.0.0-58443-11) [ Log4JLoggerFactory.java:81 :DEBUG] component://widget/templates/htmlFormMacroLibrary.ftl[en,UTF-8,parsed] cached copy not yet stale; using cached.
2014-01-21 11:35:17,375 (http-0.0.0.0-58443-11) [ Log4JLoggerFactory.java:81 :DEBUG] component://common/webcommon/includes/htmlTemplate.ftl[en,UTF-8,parsed] cached copy not yet stale; using cached.
2014-01-21 11:35:17,375 (http-0.0.0.0-58443-11) [ Log4JLoggerFactory.java:81 :DEBUG] component://widget/templates/htmlFormMacroLibrary.ftl[en,UTF-8,parsed] cached copy not yet stale; using cached.
2014-01-21 11:35:17,399 (http-0.0.0.0-58443-11) [ Log4JLoggerFactory.java:81 :DEBUG] component://common/webcommon/includes/htmlTemplate.ftl[en,UTF-8,parsed] cached copy not yet stale; using cached.
2014-01-21 11:35:17,404 (http-0.0.0.0-58443-11) [ Log4JLoggerFactory.java:81 :DEBUG] component://widget/templates/htmlFormMacroLibrary.ftl[en,UTF-8,parsed] cached copy not yet stale; using cached.
2014-01-21 11:36:14,468 (http-0.0.0.0-58443-10) [ Log4JLoggerFactory.java:81 :DEBUG] Updating source, info for cause: lastModifiedNotChanged=false, cache lastModified=1390284315978 != file lastModified=1390284374468
2014-01-21 11:36:14,469 (http-0.0.0.0-58443-10) [ Log4JLoggerFactory.java:81 :DEBUG] Compiling FreeMarker template component://common/webcommon/includes/htmlTemplate.ftl[en,UTF-8,parsed]  from org.ofbiz.base.util.template.FreeMarkerWorker$FlexibleTemplateSource@3309c542
2014-01-21 11:36:14,473 (http-0.0.0.0-58443-10) [ Log4JLoggerFactory.java:81 :DEBUG] Updating source, info for cause: lastModifiedNotChanged=false, cache lastModified=1390284315983 != file lastModified=1390284374473
2014-01-21 11:36:14,473 (http-0.0.0.0-58443-10) [ Log4JLoggerFactory.java:81 :DEBUG] Compiling FreeMarker template component://widget/templates/htmlFormMacroLibrary.ftl[en,UTF-8,parsed]  from org.ofbiz.base.util.template.FreeMarkerWorker$FlexibleTemplateSource@aeb9dc52
2014-01-21 11:36:14,525 (http-0.0.0.0-58443-10) [ Log4JLoggerFactory.java:81 :DEBUG] component://common/webcommon/includes/htmlTemplate.ftl[en,UTF-8,parsed] cached copy not yet stale; using cached.
2014-01-21 11:36:14,526 (http-0.0.0.0-58443-10) [ Log4JLoggerFactory.java:81 :DEBUG] component://widget/templates/htmlFormMacroLibrary.ftl[en,UTF-8,parsed] cached copy not yet stale; using cached.
2014-01-21 11:36:14,681 (http-0.0.0.0-58443-10) [ Log4JLoggerFactory.java:81 :DEBUG] Updating source, info for cause: lastModifiedNotChanged=false, cache lastModified=1390284316872 != file lastModified=1390284374681
2014-01-21 11:36:14,682 (http-0.0.0.0-58443-10) [ Log4JLoggerFactory.java:81 :DEBUG] Compiling FreeMarker template component://common/webcommon/includes/htmlTemplate.ftl[en,UTF-8,parsed]  from org.ofbiz.base.util.template.FreeMarkerWorker$FlexibleTemplateSource@3309c542
2014-01-21 11:36:14,686 (http-0.0.0.0-58443-10) [ Log4JLoggerFactory.java:81 :DEBUG] Updating source, info for cause: lastModifiedNotChanged=false, cache lastModified=1390284316886 != file lastModified=1390284374686
2014-01-21 11:36:14,686 (http-0.0.0.0-58443-10) [ Log4JLoggerFactory.java:81 :DEBUG] Compiling FreeMarker template component://widget/templates/htmlFormMacroLibrary.ftl[en,UTF-8,parsed]  from org.ofbiz.base.util.template.FreeMarkerWorker$FlexibleTemplateSource@aeb9dc52
2014-01-21 11:36:14,763 (http-0.0.0.0-58443-10) [ Log4JLoggerFactory.java:81 :DEBUG] component://common/webcommon/includes/htmlTemplate.ftl[en,UTF-8,parsed] cached copy not yet stale; using cached.
2014-01-21 11:36:14,763 (http-0.0.0.0-58443-10) [ Log4JLoggerFactory.java:81 :DEBUG] component://widget/templates/htmlFormMacroLibrary.ftl[en,UTF-8,parsed] cached copy not yet stale; using cached.
2014-01-21 11:36:14,867 (http-0.0.0.0-58443-10) [ Log4JLoggerFactory.java:81 :DEBUG] component://common/webcommon/includes/htmlTemplate.ftl[en,UTF-8,parsed] cached copy not yet stale; using cached.
2014-01-21 11:36:14,867 (http-0.0.0.0-58443-10) [ Log4JLoggerFactory.java:81 :DEBUG] component://widget/templates/htmlFormMacroLibrary.ftl[en,UTF-8,parsed] cached copy not yet stale; using cached.
2014-01-21 11:36:14,869 (http-0.0.0.0-58443-10) [ Log4JLoggerFactory.java:81 :DEBUG] component://common/webcommon/includes/htmlTemplate.ftl[en,UTF-8,parsed] cached copy not yet stale; using cached.
2014-01-21 11:36:14,870 (http-0.0.0.0-58443-10) [ Log4JLoggerFactory.java:81 :DEBUG] component://widget/templates/htmlFormMacroLibrary.ftl[en,UTF-8,parsed] cached copy not yet stale; using cached.
2014-01-21 11:36:14,875 (http-0.0.0.0-58443-10) [ Log4JLoggerFactory.java:81 :DEBUG] component://common/webcommon/includes/htmlTemplate.ftl[en,UTF-8,parsed] cached copy not yet stale; using cached.
2014-01-21 11:36:14,876 (http-0.0.0.0-58443-10) [ Log4JLoggerFactory.java:81 :DEBUG] component://widget/templates/htmlFormMacroLibrary.ftl[en,UTF-8,parsed] cached copy not yet stale; using cached.
2014-01-21 11:36:14,882 (http-0.0.0.0-58443-10) [ Log4JLoggerFactory.java:81 :DEBUG] component://common/webcommon/includes/htmlTemplate.ftl[en,UTF-8,parsed] cached copy not yet stale; using cached.
2014-01-21 11:36:14,883 (http-0.0.0.0-58443-10) [ Log4JLoggerFactory.java:81 :DEBUG] component://widget/templates/htmlFormMacroLibrary.ftl[en,UTF-8,parsed] cached copy not yet stale; using cached.
2014-01-21 11:36:30,386 (http-0.0.0.0-58443-10) [ Log4JLoggerFactory.java:81 :DEBUG] Updating source, info for cause: lastModifiedNotChanged=false, cache lastModified=1390284374468 != file lastModified=1390284390386
2014-01-21 11:36:30,387 (http-0.0.0.0-58443-10) [ Log4JLoggerFactory.java:81 :DEBUG] Compiling FreeMarker template component://common/webcommon/includes/htmlTemplate.ftl[en,UTF-8,parsed]  from org.ofbiz.base.util.template.FreeMarkerWorker$FlexibleTemplateSource@3309c542
2014-01-21 11:36:30,391 (http-0.0.0.0-58443-10) [ Log4JLoggerFactory.java:81 :DEBUG] Updating source, info for cause: lastModifiedNotChanged=false, cache lastModified=1390284374473 != file lastModified=1390284390391
2014-01-21 11:36:30,391 (http-0.0.0.0-58443-10) [ Log4JLoggerFactory.java:81 :DEBUG] Compiling FreeMarker template component://widget/templates/htmlFormMacroLibrary.ftl[en,UTF-8,parsed]  from org.ofbiz.base.util.template.FreeMarkerWorker$FlexibleTemplateSource@aeb9dc52
2014-01-21 11:36:30,443 (http-0.0.0.0-58443-10) [ Log4JLoggerFactory.java:81 :DEBUG] component://common/webcommon/includes/htmlTemplate.ftl[en,UTF-8,parsed] cached copy not yet stale; using cached.
2014-01-21 11:36:30,444 (http-0.0.0.0-58443-10) [ Log4JLoggerFactory.java:81 :DEBUG] component://widget/templates/htmlFormMacroLibrary.ftl[en,UTF-8,parsed] cached copy not yet stale; using cached.
2014-01-21 11:36:30,713 (http-0.0.0.0-58443-10) [ Log4JLoggerFactory.java:81 :DEBUG] Updating source, info for cause: lastModifiedNotChanged=false, cache lastModified=1390284374681 != file lastModified=1390284390713
2014-01-21 11:36:30,713 (http-0.0.0.0-58443-10) [ Log4JLoggerFactory.java:81 :DEBUG] Compiling FreeMarker template component://common/webcommon/includes/htmlTemplate.ftl[en,UTF-8,parsed]  from org.ofbiz.base.util.template.FreeMarkerWorker$FlexibleTemplateSource@3309c542
2014-01-21 11:36:30,718 (http-0.0.0.0-58443-10) [ Log4JLoggerFactory.java:81 :DEBUG] Updating source, info for cause: lastModifiedNotChanged=false, cache lastModified=1390284374686 != file lastModified=1390284390718
2014-01-21 11:36:30,718 (http-0.0.0.0-58443-10) [ Log4JLoggerFactory.java:81 :DEBUG] Compiling FreeMarker template component://widget/templates/htmlFormMacroLibrary.ftl[en,UTF-8,parsed]  from org.ofbiz.base.util.template.FreeMarkerWorker$FlexibleTemplateSource@aeb9dc52
2014-01-21 11:36:30,794 (http-0.0.0.0-58443-10) [ Log4JLoggerFactory.java:81 :DEBUG] component://common/webcommon/includes/htmlTemplate.ftl[en,UTF-8,parsed] cached copy not yet stale; using cached.
2014-01-21 11:36:30,795 (http-0.0.0.0-58443-10) [ Log4JLoggerFactory.java:81 :DEBUG] component://widget/templates/htmlFormMacroLibrary.ftl[en,UTF-8,parsed] cached copy not yet stale; using cached.
2014-01-21 11:36:30,898 (http-0.0.0.0-58443-10) [ Log4JLoggerFactory.java:81 :DEBUG] component://common/webcommon/includes/htmlTemplate.ftl[en,UTF-8,parsed] cached copy not yet stale; using cached.
2014-01-21 11:36:30,899 (http-0.0.0.0-58443-10) [ Log4JLoggerFactory.java:81 :DEBUG] component://widget/templates/htmlFormMacroLibrary.ftl[en,UTF-8,parsed] cached copy not yet stale; using cached.
2014-01-21 11:36:30,901 (http-0.0.0.0-58443-10) [ Log4JLoggerFactory.java:81 :DEBUG] component://common/webcommon/includes/htmlTemplate.ftl[en,UTF-8,parsed] cached copy not yet stale; using cached.
2014-01-21 11:36:30,902 (http-0.0.0.0-58443-10) [ Log4JLoggerFactory.java:81 :DEBUG] component://widget/templates/htmlFormMacroLibrary.ftl[en,UTF-8,parsed] cached copy not yet stale; using cached.
2014-01-21 11:36:30,907 (http-0.0.0.0-58443-10) [ Log4JLoggerFactory.java:81 :DEBUG] component://common/webcommon/includes/htmlTemplate.ftl[en,UTF-8,parsed] cached copy not yet stale; using cached.
2014-01-21 11:36:30,908 (http-0.0.0.0-58443-10) [ Log4JLoggerFactory.java:81 :DEBUG] component://widget/templates/htmlFormMacroLibrary.ftl[en,UTF-8,parsed] cached copy not yet stale; using cached.
2014-01-21 11:36:30,914 (http-0.0.0.0-58443-10) [ Log4JLoggerFactory.java:81 :DEBUG] component://common/webcommon/includes/htmlTemplate.ftl[en,UTF-8,parsed] cached copy not yet stale; using cached.
2014-01-21 11:36:30,914 (http-0.0.0.0-58443-10) [ Log4JLoggerFactory.java:81 :DEBUG] component://widget/templates/htmlFormMacroLibrary.ftl[en,UTF-8,parsed] cached copy not yet stale; using cached.
2014-01-21 11:40:46,990 (http-0.0.0.0-58443-10) [ Log4JLoggerFactory.java:81 :DEBUG] Updating source, info for cause: lastModifiedNotChanged=false, cache lastModified=1390284390386 != file lastModified=1390284646990
2014-01-21 11:40:47,000 (http-0.0.0.0-58443-10) [ Log4JLoggerFactory.java:81 :DEBUG] Compiling FreeMarker template component://common/webcommon/includes/htmlTemplate.ftl[en,UTF-8,parsed]  from org.ofbiz.base.util.template.FreeMarkerWorker$FlexibleTemplateSource@3309c542
2014-01-21 11:40:47,019 (http-0.0.0.0-58443-10) [ Log4JLoggerFactory.java:81 :DEBUG] Updating source, info for cause: lastModifiedNotChanged=false, cache lastModified=1390284390391 != file lastModified=1390284647005
2014-01-21 11:40:47,024 (http-0.0.0.0-58443-10) [ Log4JLoggerFactory.java:81 :DEBUG] Compiling FreeMarker template component://widget/templates/htmlFormMacroLibrary.ftl[en,UTF-8,parsed]  from org.ofbiz.base.util.template.FreeMarkerWorker$FlexibleTemplateSource@aeb9dc52
2014-01-21 11:40:47,140 (http-0.0.0.0-58443-10) [ Log4JLoggerFactory.java:81 :DEBUG] component://common/webcommon/includes/htmlTemplate.ftl[en,UTF-8,parsed] cached copy not yet stale; using cached.
2014-01-21 11:40:47,140 (http-0.0.0.0-58443-10) [ Log4JLoggerFactory.java:81 :DEBUG] component://widget/templates/htmlFormMacroLibrary.ftl[en,UTF-8,parsed] cached copy not yet stale; using cached.
2014-01-21 11:40:47,278 (http-0.0.0.0-58443-10) [ Log4JLoggerFactory.java:81 :DEBUG] Updating source, info for cause: lastModifiedNotChanged=false, cache lastModified=1390284390713 != file lastModified=1390284647278
2014-01-21 11:40:47,278 (http-0.0.0.0-58443-10) [ Log4JLoggerFactory.java:81 :DEBUG] Compiling FreeMarker template component://common/webcommon/includes/htmlTemplate.ftl[en,UTF-8,parsed]  from org.ofbiz.base.util.template.FreeMarkerWorker$FlexibleTemplateSource@3309c542
2014-01-21 11:40:47,282 (http-0.0.0.0-58443-10) [ Log4JLoggerFactory.java:81 :DEBUG] Updating source, info for cause: lastModifiedNotChanged=false, cache lastModified=1390284390718 != file lastModified=1390284647282
2014-01-21 11:40:47,283 (http-0.0.0.0-58443-10) [ Log4JLoggerFactory.java:81 :DEBUG] Compiling FreeMarker template component://widget/templates/htmlFormMacroLibrary.ftl[en,UTF-8,parsed]  from org.ofbiz.base.util.template.FreeMarkerWorker$FlexibleTemplateSource@aeb9dc52
2014-01-21 11:40:47,392 (http-0.0.0.0-58443-10) [ Log4JLoggerFactory.java:81 :DEBUG] component://common/webcommon/includes/htmlTemplate.ftl[en,UTF-8,parsed] cached copy not yet stale; using cached.
2014-01-21 11:40:47,393 (http-0.0.0.0-58443-10) [ Log4JLoggerFactory.java:81 :DEBUG] component://widget/templates/htmlFormMacroLibrary.ftl[en,UTF-8,parsed] cached copy not yet stale; using cached.
2014-01-21 11:40:47,538 (http-0.0.0.0-58443-10) [ Log4JLoggerFactory.java:81 :DEBUG] component://common/webcommon/includes/htmlTemplate.ftl[en,UTF-8,parsed] cached copy not yet stale; using cached.
2014-01-21 11:40:47,538 (http-0.0.0.0-58443-10) [ Log4JLoggerFactory.java:81 :DEBUG] component://widget/templates/htmlFormMacroLibrary.ftl[en,UTF-8,parsed] cached copy not yet stale; using cached.
2014-01-21 11:40:47,541 (http-0.0.0.0-58443-10) [ Log4JLoggerFactory.java:81 :DEBUG] component://common/webcommon/includes/htmlTemplate.ftl[en,UTF-8,parsed] cached copy not yet stale; using cached.
2014-01-21 11:40:47,542 (http-0.0.0.0-58443-10) [ Log4JLoggerFactory.java:81 :DEBUG] component://widget/templates/htmlFormMacroLibrary.ftl[en,UTF-8,parsed] cached copy not yet stale; using cached.
2014-01-21 11:40:47,562 (http-0.0.0.0-58443-10) [ Log4JLoggerFactory.java:81 :DEBUG] component://common/webcommon/includes/htmlTemplate.ftl[en,UTF-8,parsed] cached copy not yet stale; using cached.
2014-01-21 11:40:47,563 (http-0.0.0.0-58443-10) [ Log4JLoggerFactory.java:81 :DEBUG] component://widget/templates/htmlFormMacroLibrary.ftl[en,UTF-8,parsed] cached copy not yet stale; using cached.
2014-01-21 11:40:47,628 (http-0.0.0.0-58443-10) [ Log4JLoggerFactory.java:81 :DEBUG] component://common/webcommon/includes/htmlTemplate.ftl[en,UTF-8,parsed] cached copy not yet stale; using cached.
2014-01-21 11:40:47,629 (http-0.0.0.0-58443-10) [ Log4JLoggerFactory.java:81 :DEBUG] component://widget/templates/htmlFormMacroLibrary.ftl[en,UTF-8,parsed] cached copy not yet stale; using cached.
2014-01-21 11:40:53,979 (http-0.0.0.0-58443-10) [ Log4JLoggerFactory.java:81 :DEBUG] Updating source, info for cause: lastModifiedNotChanged=false, cache lastModified=1390284646990 != file lastModified=1390284653979
2014-01-21 11:40:53,979 (http-0.0.0.0-58443-10) [ Log4JLoggerFactory.java:81 :DEBUG] Compiling FreeMarker template component://common/webcommon/includes/htmlTemplate.ftl[en,UTF-8,parsed]  from org.ofbiz.base.util.template.FreeMarkerWorker$FlexibleTemplateSource@3309c542
2014-01-21 11:40:53,983 (http-0.0.0.0-58443-10) [ Log4JLoggerFactory.java:81 :DEBUG] Updating source, info for cause: lastModifiedNotChanged=false, cache lastModified=1390284647005 != file lastModified=1390284653983
2014-01-21 11:40:53,984 (http-0.0.0.0-58443-10) [ Log4JLoggerFactory.java:81 :DEBUG] Compiling FreeMarker template component://widget/templates/htmlFormMacroLibrary.ftl[en,UTF-8,parsed]  from org.ofbiz.base.util.template.FreeMarkerWorker$FlexibleTemplateSource@aeb9dc52
2014-01-21 11:40:54,034 (http-0.0.0.0-58443-10) [ Log4JLoggerFactory.java:81 :DEBUG] component://common/webcommon/includes/htmlTemplate.ftl[en,UTF-8,parsed] cached copy not yet stale; using cached.
2014-01-21 11:40:54,035 (http-0.0.0.0-58443-10) [ Log4JLoggerFactory.java:81 :DEBUG] component://widget/templates/htmlFormMacroLibrary.ftl[en,UTF-8,parsed] cached copy not yet stale; using cached.
2014-01-21 11:40:54,422 (http-0.0.0.0-58443-10) [ Log4JLoggerFactory.java:81 :DEBUG] Updating source, info for cause: lastModifiedNotChanged=false, cache lastModified=1390284647278 != file lastModified=1390284654422
2014-01-21 11:40:54,430 (http-0.0.0.0-58443-10) [ Log4JLoggerFactory.java:81 :DEBUG] Compiling FreeMarker template component://common/webcommon/includes/htmlTemplate.ftl[en,UTF-8,parsed]  from org.ofbiz.base.util.template.FreeMarkerWorker$FlexibleTemplateSource@3309c542
2014-01-21 11:40:54,434 (http-0.0.0.0-58443-10) [ Log4JLoggerFactory.java:81 :DEBUG] Updating source, info for cause: lastModifiedNotChanged=false, cache lastModified=1390284647282 != file lastModified=1390284654434
2014-01-21 11:40:54,448 (http-0.0.0.0-58443-10) [ Log4JLoggerFactory.java:81 :DEBUG] Compiling FreeMarker template component://widget/templates/htmlFormMacroLibrary.ftl[en,UTF-8,parsed]  from org.ofbiz.base.util.template.FreeMarkerWorker$FlexibleTemplateSource@aeb9dc52
2014-01-21 11:40:54,786 (http-0.0.0.0-58443-10) [ Log4JLoggerFactory.java:81 :DEBUG] component://common/webcommon/includes/htmlTemplate.ftl[en,UTF-8,parsed] cached copy not yet stale; using cached.
2014-01-21 11:40:54,786 (http-0.0.0.0-58443-10) [ Log4JLoggerFactory.java:81 :DEBUG] component://widget/templates/htmlFormMacroLibrary.ftl[en,UTF-8,parsed] cached copy not yet stale; using cached.
2014-01-21 11:40:54,953 (http-0.0.0.0-58443-10) [ Log4JLoggerFactory.java:81 :DEBUG] component://common/webcommon/includes/htmlTemplate.ftl[en,UTF-8,parsed] cached copy not yet stale; using cached.
2014-01-21 11:40:54,960 (http-0.0.0.0-58443-10) [ Log4JLoggerFactory.java:81 :DEBUG] component://widget/templates/htmlFormMacroLibrary.ftl[en,UTF-8,parsed] cached copy not yet stale; using cached.
2014-01-21 11:40:54,962 (http-0.0.0.0-58443-10) [ Log4JLoggerFactory.java:81 :DEBUG] component://common/webcommon/includes/htmlTemplate.ftl[en,UTF-8,parsed] cached copy not yet stale; using cached.
2014-01-21 11:40:54,963 (http-0.0.0.0-58443-10) [ Log4JLoggerFactory.java:81 :DEBUG] component://widget/templates/htmlFormMacroLibrary.ftl[en,UTF-8,parsed] cached copy not yet stale; using cached.
2014-01-21 11:40:54,968 (http-0.0.0.0-58443-10) [ Log4JLoggerFactory.java:81 :DEBUG] component://common/webcommon/includes/htmlTemplate.ftl[en,UTF-8,parsed] cached copy not yet stale; using cached.
2014-01-21 11:40:54,972 (http-0.0.0.0-58443-10) [ Log4JLoggerFactory.java:81 :DEBUG] component://widget/templates/htmlFormMacroLibrary.ftl[en,UTF-8,parsed] cached copy not yet stale; using cached.
2014-01-21 11:40:54,977 (http-0.0.0.0-58443-10) [ Log4JLoggerFactory.java:81 :DEBUG] component://common/webcommon/includes/htmlTemplate.ftl[en,UTF-8,parsed] cached copy not yet stale; using cached.
2014-01-21 11:40:54,985 (http-0.0.0.0-58443-10) [ Log4JLoggerFactory.java:81 :DEBUG] component://widget/templates/htmlFormMacroLibrary.ftl[en,UTF-8,parsed] cached copy not yet stale; using cached.
