2014-01-20 18:10:18,948 (main) [       DatabaseUtil.java:339:ERROR] WARNING: Column [SECURITY_DEPOSIT] of table [FACILITY] of entity [Facility] is of type [VARCHAR] in the database, but is defined as type [DECIMAL] in the entity definition.
2014-01-20 18:10:19,031 (main) [       DatabaseUtil.java:339:ERROR] WARNING: Column [WEB_ANALYTICS_CODE] of table [WEB_ANALYTICS_CONFIG] of entity [WebAnalyticsConfig] is of type [VARCHAR] in the database, but is defined as type [LONGTEXT] in the entity definition.
2014-01-20 18:10:29,339 (main) [            UtilXml.java:1060:ERROR] XmlFileLoader: File /home/vadmin/working_copy/vbiz/branches/kmf/applications/accounting/servicedef/services_budget.xml process error. Line: 32. Error message: cvc-enumeration-valid: Value 'BUDGET_EDIT' is not facet-valid with respect to enumeration '[CREATE, UPDATE, DELETE, VIEW, GLACCOUNT_EDIT, ORGGLSETTINGS_EDIT, GLRECONCILIATION_EDIT, FINACCOUNT_EDIT, FINACCOUNTTX_EDIT, PAYMENT_EDIT, FINACCOUNTTX_EDIT, PAYMENTSTATUS_CANCEL, FINACCOUNTDW_EDIT, FINACCOUNTREC_EDIT, ARINVOICE_EDIT, APINVOICE_EDIT, INVOICE_APPROVE, EDIT_INTERNAL, EDIT, PARTYGLACCOUNT_EDIT, ACCTFORMULA_EDIT, PAYMENTAPP_EDIT, EMPLOYEE_EDIT, EMPLOYMENT_EDIT, GLOBALHR_EDIT, EMPLOYEEPOS_EDIT, LEAVE_EDIT]'. It must be a value from the enumeration.
2014-01-20 18:10:29,340 (main) [            UtilXml.java:1060:ERROR] XmlFileLoader: File /home/vadmin/working_copy/vbiz/branches/kmf/applications/accounting/servicedef/services_budget.xml process error. Line: 32. Error message: cvc-attribute.3: The value 'BUDGET_EDIT' of attribute 'main-action' on element 'permission-service' is not valid with respect to its type, 'null'.
2014-01-20 18:10:29,341 (main) [            UtilXml.java:1060:ERROR] XmlFileLoader: File /home/vadmin/working_copy/vbiz/branches/kmf/applications/accounting/servicedef/services_budget.xml process error. Line: 45. Error message: cvc-enumeration-valid: Value 'BUDGET_EDIT' is not facet-valid with respect to enumeration '[CREATE, UPDATE, DELETE, VIEW, GLACCOUNT_EDIT, ORGGLSETTINGS_EDIT, GLRECONCILIATION_EDIT, FINACCOUNT_EDIT, FINACCOUNTTX_EDIT, PAYMENT_EDIT, FINACCOUNTTX_EDIT, PAYMENTSTATUS_CANCEL, FINACCOUNTDW_EDIT, FINACCOUNTREC_EDIT, ARINVOICE_EDIT, APINVOICE_EDIT, INVOICE_APPROVE, EDIT_INTERNAL, EDIT, PARTYGLACCOUNT_EDIT, ACCTFORMULA_EDIT, PAYMENTAPP_EDIT, EMPLOYEE_EDIT, EMPLOYMENT_EDIT, GLOBALHR_EDIT, EMPLOYEEPOS_EDIT, LEAVE_EDIT]'. It must be a value from the enumeration.
2014-01-20 18:10:29,342 (main) [            UtilXml.java:1060:ERROR] XmlFileLoader: File /home/vadmin/working_copy/vbiz/branches/kmf/applications/accounting/servicedef/services_budget.xml process error. Line: 45. Error message: cvc-attribute.3: The value 'BUDGET_EDIT' of attribute 'main-action' on element 'permission-service' is not valid with respect to its type, 'null'.
2014-01-20 18:10:29,343 (main) [            UtilXml.java:1060:ERROR] XmlFileLoader: File /home/vadmin/working_copy/vbiz/branches/kmf/applications/accounting/servicedef/services_budget.xml process error. Line: 55. Error message: cvc-enumeration-valid: Value 'BUDGET_EDIT' is not facet-valid with respect to enumeration '[CREATE, UPDATE, DELETE, VIEW, GLACCOUNT_EDIT, ORGGLSETTINGS_EDIT, GLRECONCILIATION_EDIT, FINACCOUNT_EDIT, FINACCOUNTTX_EDIT, PAYMENT_EDIT, FINACCOUNTTX_EDIT, PAYMENTSTATUS_CANCEL, FINACCOUNTDW_EDIT, FINACCOUNTREC_EDIT, ARINVOICE_EDIT, APINVOICE_EDIT, INVOICE_APPROVE, EDIT_INTERNAL, EDIT, PARTYGLACCOUNT_EDIT, ACCTFORMULA_EDIT, PAYMENTAPP_EDIT, EMPLOYEE_EDIT, EMPLOYMENT_EDIT, GLOBALHR_EDIT, EMPLOYEEPOS_EDIT, LEAVE_EDIT]'. It must be a value from the enumeration.
2014-01-20 18:10:29,343 (main) [            UtilXml.java:1060:ERROR] XmlFileLoader: File /home/vadmin/working_copy/vbiz/branches/kmf/applications/accounting/servicedef/services_budget.xml process error. Line: 55. Error message: cvc-attribute.3: The value 'BUDGET_EDIT' of attribute 'main-action' on element 'permission-service' is not valid with respect to its type, 'null'.
2014-01-20 18:10:29,344 (main) [            UtilXml.java:1060:ERROR] XmlFileLoader: File /home/vadmin/working_copy/vbiz/branches/kmf/applications/accounting/servicedef/services_budget.xml process error. Line: 64. Error message: cvc-enumeration-valid: Value 'BUDGET_EDIT' is not facet-valid with respect to enumeration '[CREATE, UPDATE, DELETE, VIEW, GLACCOUNT_EDIT, ORGGLSETTINGS_EDIT, GLRECONCILIATION_EDIT, FINACCOUNT_EDIT, FINACCOUNTTX_EDIT, PAYMENT_EDIT, FINACCOUNTTX_EDIT, PAYMENTSTATUS_CANCEL, FINACCOUNTDW_EDIT, FINACCOUNTREC_EDIT, ARINVOICE_EDIT, APINVOICE_EDIT, INVOICE_APPROVE, EDIT_INTERNAL, EDIT, PARTYGLACCOUNT_EDIT, ACCTFORMULA_EDIT, PAYMENTAPP_EDIT, EMPLOYEE_EDIT, EMPLOYMENT_EDIT, GLOBALHR_EDIT, EMPLOYEEPOS_EDIT, LEAVE_EDIT]'. It must be a value from the enumeration.
2014-01-20 18:10:29,345 (main) [            UtilXml.java:1060:ERROR] XmlFileLoader: File /home/vadmin/working_copy/vbiz/branches/kmf/applications/accounting/servicedef/services_budget.xml process error. Line: 64. Error message: cvc-attribute.3: The value 'BUDGET_EDIT' of attribute 'main-action' on element 'permission-service' is not valid with respect to its type, 'null'.
2014-01-20 18:10:29,346 (main) [            UtilXml.java:1060:ERROR] XmlFileLoader: File /home/vadmin/working_copy/vbiz/branches/kmf/applications/accounting/servicedef/services_budget.xml process error. Line: 72. Error message: cvc-enumeration-valid: Value 'BUDGETREVISION_CREATE' is not facet-valid with respect to enumeration '[CREATE, UPDATE, DELETE, VIEW, GLACCOUNT_EDIT, ORGGLSETTINGS_EDIT, GLRECONCILIATION_EDIT, FINACCOUNT_EDIT, FINACCOUNTTX_EDIT, PAYMENT_EDIT, FINACCOUNTTX_EDIT, PAYMENTSTATUS_CANCEL, FINACCOUNTDW_EDIT, FINACCOUNTREC_EDIT, ARINVOICE_EDIT, APINVOICE_EDIT, INVOICE_APPROVE, EDIT_INTERNAL, EDIT, PARTYGLACCOUNT_EDIT, ACCTFORMULA_EDIT, PAYMENTAPP_EDIT, EMPLOYEE_EDIT, EMPLOYMENT_EDIT, GLOBALHR_EDIT, EMPLOYEEPOS_EDIT, LEAVE_EDIT]'. It must be a value from the enumeration.
2014-01-20 18:10:29,347 (main) [            UtilXml.java:1060:ERROR] XmlFileLoader: File /home/vadmin/working_copy/vbiz/branches/kmf/applications/accounting/servicedef/services_budget.xml process error. Line: 72. Error message: cvc-attribute.3: The value 'BUDGETREVISION_CREATE' of attribute 'main-action' on element 'permission-service' is not valid with respect to its type, 'null'.
2014-01-20 18:10:31,077 (main) [            UtilXml.java:1060:ERROR] XmlFileLoader: File /home/vadmin/working_copy/vbiz/branches/kmf/applications/humanres/servicedef/services.xml process error. Line: 995. Error message: cvc-enumeration-valid: Value 'PUNCH_EDIT' is not facet-valid with respect to enumeration '[CREATE, UPDATE, DELETE, VIEW, GLACCOUNT_EDIT, ORGGLSETTINGS_EDIT, GLRECONCILIATION_EDIT, FINACCOUNT_EDIT, FINACCOUNTTX_EDIT, PAYMENT_EDIT, FINACCOUNTTX_EDIT, PAYMENTSTATUS_CANCEL, FINACCOUNTDW_EDIT, FINACCOUNTREC_EDIT, ARINVOICE_EDIT, APINVOICE_EDIT, INVOICE_APPROVE, EDIT_INTERNAL, EDIT, PARTYGLACCOUNT_EDIT, ACCTFORMULA_EDIT, PAYMENTAPP_EDIT, EMPLOYEE_EDIT, EMPLOYMENT_EDIT, GLOBALHR_EDIT, EMPLOYEEPOS_EDIT, LEAVE_EDIT]'. It must be a value from the enumeration.
2014-01-20 18:10:31,078 (main) [            UtilXml.java:1060:ERROR] XmlFileLoader: File /home/vadmin/working_copy/vbiz/branches/kmf/applications/humanres/servicedef/services.xml process error. Line: 995. Error message: cvc-attribute.3: The value 'PUNCH_EDIT' of attribute 'main-action' on element 'permission-service' is not valid with respect to its type, 'null'.
2014-01-20 18:10:32,306 (main) [            UtilXml.java:1060:ERROR] XmlFileLoader: File /home/vadmin/working_copy/vbiz/branches/kmf/hot-deploy/milkline/servicedef/services.xml process error. Line: 8. Error message: cvc-complex-type.2.4.b: The content of element 'services' is not complete. One of '{created, service}' is expected.
2014-01-20 18:10:52,375 (main) [ComponentLocationResolver.java:67 :ERROR] 
---- exception report ----------------------------------------------------------
Could not get root location for component with name [ecommerce], error was: org.ofbiz.base.component.ComponentException: No component found named : ecommerce
Exception: org.ofbiz.base.component.ComponentException
Message: No component found named : ecommerce
---- stack trace ---------------------------------------------------------------
org.ofbiz.base.component.ComponentException: No component found named : ecommerce
org.ofbiz.base.component.ComponentConfig.getComponentConfig(ComponentConfig.java:86)
org.ofbiz.base.component.ComponentConfig.getComponentConfig(ComponentConfig.java:61)
org.ofbiz.base.component.ComponentConfig.getRootLocation(ComponentConfig.java:260)
org.ofbiz.base.location.ComponentLocationResolver.getBaseLocation(ComponentLocationResolver.java:64)
org.ofbiz.base.location.ComponentLocationResolver.resolveLocation(ComponentLocationResolver.java:39)
org.ofbiz.base.location.FlexibleLocation.resolveLocation(FlexibleLocation.java:132)
org.ofbiz.base.location.FlexibleLocation.resolveLocation(FlexibleLocation.java:73)
org.ofbiz.webapp.control.ConfigXMLReader$ControllerConfig.loadIncludes(ConfigXMLReader.java:290)
org.ofbiz.webapp.control.ConfigXMLReader$ControllerConfig.<init>(ConfigXMLReader.java:111)
org.ofbiz.webapp.control.ConfigXMLReader.getControllerConfig(ConfigXMLReader.java:74)
org.ofbiz.webapp.control.RequestHandler.init(RequestHandler.java:90)
org.ofbiz.webapp.control.RequestHandler.getRequestHandler(RequestHandler.java:74)
org.ofbiz.webapp.control.ControlServlet.getRequestHandler(ControlServlet.java:340)
org.ofbiz.webapp.control.ControlServlet.init(ControlServlet.java:79)
org.apache.catalina.core.StandardWrapper.loadServlet(StandardWrapper.java:1173)
org.apache.catalina.core.StandardWrapper.load(StandardWrapper.java:993)
org.apache.catalina.core.StandardContext.loadOnStartup(StandardContext.java:4420)
org.apache.catalina.core.StandardContext.start(StandardContext.java:4733)
org.apache.catalina.core.ContainerBase.start(ContainerBase.java:1053)
org.apache.catalina.core.StandardHost.start(StandardHost.java:840)
org.apache.catalina.core.ContainerBase.start(ContainerBase.java:1053)
org.apache.catalina.core.StandardEngine.start(StandardEngine.java:463)
org.apache.catalina.startup.Embedded.start(Embedded.java:825)
org.ofbiz.catalina.container.CatalinaContainer.start(CatalinaContainer.java:227)
org.ofbiz.base.container.ContainerLoader.start(ContainerLoader.java:230)
org.ofbiz.base.start.Start.startStartLoaders(Start.java:294)
org.ofbiz.base.start.Start.start(Start.java:273)
org.ofbiz.base.start.Start.main(Start.java:119)
--------------------------------------------------------------------------------

2014-01-20 18:10:52,381 (main) [    ConfigXMLReader.java:293:ERROR] 
---- exception report ----------------------------------------------------------
Error processing include at [component://ecommerce/webapp/ecommerce/WEB-INF/controller.xml]:java.net.MalformedURLException: Could not get root location for component with name [ecommerce], error was: org.ofbiz.base.component.ComponentException: No component found named : ecommerce
Exception: java.net.MalformedURLException
Message: Could not get root location for component with name [ecommerce], error was: org.ofbiz.base.component.ComponentException: No component found named : ecommerce
---- stack trace ---------------------------------------------------------------
java.net.MalformedURLException: Could not get root location for component with name [ecommerce], error was: org.ofbiz.base.component.ComponentException: No component found named : ecommerce
org.ofbiz.base.location.ComponentLocationResolver.getBaseLocation(ComponentLocationResolver.java:68)
org.ofbiz.base.location.ComponentLocationResolver.resolveLocation(ComponentLocationResolver.java:39)
org.ofbiz.base.location.FlexibleLocation.resolveLocation(FlexibleLocation.java:132)
org.ofbiz.base.location.FlexibleLocation.resolveLocation(FlexibleLocation.java:73)
org.ofbiz.webapp.control.ConfigXMLReader$ControllerConfig.loadIncludes(ConfigXMLReader.java:290)
org.ofbiz.webapp.control.ConfigXMLReader$ControllerConfig.<init>(ConfigXMLReader.java:111)
org.ofbiz.webapp.control.ConfigXMLReader.getControllerConfig(ConfigXMLReader.java:74)
org.ofbiz.webapp.control.RequestHandler.init(RequestHandler.java:90)
org.ofbiz.webapp.control.RequestHandler.getRequestHandler(RequestHandler.java:74)
org.ofbiz.webapp.control.ControlServlet.getRequestHandler(ControlServlet.java:340)
org.ofbiz.webapp.control.ControlServlet.init(ControlServlet.java:79)
org.apache.catalina.core.StandardWrapper.loadServlet(StandardWrapper.java:1173)
org.apache.catalina.core.StandardWrapper.load(StandardWrapper.java:993)
org.apache.catalina.core.StandardContext.loadOnStartup(StandardContext.java:4420)
org.apache.catalina.core.StandardContext.start(StandardContext.java:4733)
org.apache.catalina.core.ContainerBase.start(ContainerBase.java:1053)
org.apache.catalina.core.StandardHost.start(StandardHost.java:840)
org.apache.catalina.core.ContainerBase.start(ContainerBase.java:1053)
org.apache.catalina.core.StandardEngine.start(StandardEngine.java:463)
org.apache.catalina.startup.Embedded.start(Embedded.java:825)
org.ofbiz.catalina.container.CatalinaContainer.start(CatalinaContainer.java:227)
org.ofbiz.base.container.ContainerLoader.start(ContainerLoader.java:230)
org.ofbiz.base.start.Start.startStartLoaders(Start.java:294)
org.ofbiz.base.start.Start.start(Start.java:273)
org.ofbiz.base.start.Start.main(Start.java:119)
--------------------------------------------------------------------------------

2014-01-20 18:11:06,156 (http-0.0.0.0-58443-2) [     ControlServlet.java:227:ERROR] 
---- exception report ----------------------------------------------------------
Error in request handler: 
Exception: org.apache.catalina.connector.ClientAbortException
Message: null
---- cause ---------------------------------------------------------------------
Exception: javax.net.ssl.SSLException
Message: Connection has been shutdown: javax.net.ssl.SSLException: java.net.SocketException: Broken pipe
---- cause ---------------------------------------------------------------------
Exception: javax.net.ssl.SSLException
Message: java.net.SocketException: Broken pipe
---- cause ---------------------------------------------------------------------
Exception: java.net.SocketException
Message: Broken pipe
---- stack trace ---------------------------------------------------------------
java.net.SocketException: Broken pipe
java.net.SocketOutputStream.socketWrite0(Native Method)
java.net.SocketOutputStream.socketWrite(SocketOutputStream.java:92)
java.net.SocketOutputStream.write(SocketOutputStream.java:136)
com.sun.net.ssl.internal.ssl.OutputRecord.writeBuffer(OutputRecord.java:297)
com.sun.net.ssl.internal.ssl.OutputRecord.write(OutputRecord.java:286)
com.sun.net.ssl.internal.ssl.SSLSocketImpl.writeRecordInternal(SSLSocketImpl.java:743)
com.sun.net.ssl.internal.ssl.SSLSocketImpl.writeRecord(SSLSocketImpl.java:731)
com.sun.net.ssl.internal.ssl.AppOutputStream.write(AppOutputStream.java:59)
org.apache.coyote.http11.InternalOutputBuffer.realWriteBytes(InternalOutputBuffer.java:760)
org.apache.tomcat.util.buf.ByteChunk.flushBuffer(ByteChunk.java:432)
org.apache.coyote.http11.InternalOutputBuffer.flush(InternalOutputBuffer.java:318)
org.apache.coyote.http11.Http11Processor.action(Http11Processor.java:985)
org.apache.coyote.Response.action(Response.java:183)
org.apache.catalina.connector.OutputBuffer.doFlush(OutputBuffer.java:314)
org.apache.catalina.connector.OutputBuffer.flush(OutputBuffer.java:288)
org.apache.catalina.connector.CoyoteWriter.flush(CoyoteWriter.java:95)
freemarker.core.Environment.process(Environment.java:178)
org.ofbiz.base.util.template.FreeMarkerWorker.renderTemplate(FreeMarkerWorker.java:257)
org.ofbiz.widget.screen.HtmlWidget.renderHtmlTemplate(HtmlWidget.java:205)
org.ofbiz.widget.screen.HtmlWidget$HtmlTemplate.renderWidgetString(HtmlWidget.java:250)
org.ofbiz.widget.screen.HtmlWidget.renderWidgetString(HtmlWidget.java:110)
org.ofbiz.widget.screen.ModelScreenWidget$PlatformSpecific.renderWidgetString(ModelScreenWidget.java:915)
org.ofbiz.widget.screen.ModelScreenWidget.renderSubWidgetsString(ModelScreenWidget.java:104)
org.ofbiz.widget.screen.ModelScreenWidget$Section.renderWidgetString(ModelScreenWidget.java:191)
org.ofbiz.widget.screen.ModelScreen.renderScreenString(ModelScreen.java:396)
org.ofbiz.widget.screen.ScreenRenderer.render(ScreenRenderer.java:135)
org.ofbiz.widget.screen.ScreenRenderer.render(ScreenRenderer.java:97)
org.ofbiz.widget.screen.MacroScreenViewHandler.render(MacroScreenViewHandler.java:104)
org.ofbiz.webapp.control.RequestHandler.renderView(RequestHandler.java:852)
org.ofbiz.webapp.control.RequestHandler.doRequest(RequestHandler.java:569)
org.ofbiz.webapp.control.ControlServlet.doGet(ControlServlet.java:224)
javax.servlet.http.HttpServlet.service(HttpServlet.java:617)
javax.servlet.http.HttpServlet.service(HttpServlet.java:717)
org.apache.catalina.core.ApplicationFilterChain.internalDoFilter(ApplicationFilterChain.java:290)
org.apache.catalina.core.ApplicationFilterChain.doFilter(ApplicationFilterChain.java:206)
org.ofbiz.webapp.control.ContextFilter.doFilter(ContextFilter.java:337)
org.apache.catalina.core.ApplicationFilterChain.internalDoFilter(ApplicationFilterChain.java:235)
org.apache.catalina.core.ApplicationFilterChain.doFilter(ApplicationFilterChain.java:206)
org.apache.catalina.core.StandardWrapperValve.invoke(StandardWrapperValve.java:233)
org.apache.catalina.core.StandardContextValve.invoke(StandardContextValve.java:191)
org.apache.catalina.core.StandardHostValve.invoke(StandardHostValve.java:127)
org.apache.catalina.valves.ErrorReportValve.invoke(ErrorReportValve.java:102)
org.apache.catalina.core.StandardEngineValve.invoke(StandardEngineValve.java:109)
org.apache.catalina.valves.AccessLogValve.invoke(AccessLogValve.java:554)
org.apache.catalina.connector.CoyoteAdapter.service(CoyoteAdapter.java:298)
org.apache.coyote.http11.Http11Processor.process(Http11Processor.java:859)
org.apache.coyote.http11.Http11Protocol$Http11ConnectionHandler.process(Http11Protocol.java:588)
org.apache.tomcat.util.net.JIoEndpoint$Worker.run(JIoEndpoint.java:489)
java.lang.Thread.run(Thread.java:662)
--------------------------------------------------------------------------------

2014-01-20 18:11:06,180 (http-0.0.0.0-58443-2) [     ControlServlet.java:243:ERROR] An error occurred, going to the errorPage: /error/error.jsp
2014-01-20 18:11:06,253 (http-0.0.0.0-58443-2) [     ControlServlet.java:250:ERROR] Including errorPage: /error/error.jsp
2014-01-20 18:11:19,909 (http-0.0.0.0-58443-1) [       DatabaseUtil.java:339:ERROR] WARNING: Column [SECURITY_DEPOSIT] of table [FACILITY] of entity [Facility] is of type [VARCHAR] in the database, but is defined as type [DECIMAL] in the entity definition.
2014-01-20 18:12:57,390 (http-0.0.0.0-58443-1) [        ModelScreen.java:401:ERROR] Error rendering screen [component://appvalidator/widget/AppValidatorScreens.xml#ValidationResult]: groovy.lang.MissingMethodException: No signature of method: static in.vasista.vbiz.byproducts.ByProductReportServices.getPartyClassificationForFacility() is applicable for argument types: (org.ofbiz.service.DispatchContext, org.ofbiz.base.util.UtilMisc$SimpleMap) values: [org.ofbiz.service.DispatchContext@1f3a40d, [fromDate:2014-01-20 18:12:57.219, thruDate:2014-01-20 18:12:57.22]]. Rolling back transaction.
2014-01-20 18:12:57,591 (http-0.0.0.0-58443-1) [     ControlServlet.java:227:ERROR] 
---- exception report ----------------------------------------------------------
Error in request handler: 
Exception: org.ofbiz.widget.screen.ScreenRenderException
Message: Error rendering screen [component://appvalidator/widget/AppValidatorScreens.xml#ValidationResult]: groovy.lang.MissingMethodException: No signature of method: static in.vasista.vbiz.byproducts.ByProductReportServices.getPartyClassificationForFacility() is applicable for argument types: (org.ofbiz.service.DispatchContext, org.ofbiz.base.util.UtilMisc$SimpleMap) values: [org.ofbiz.service.DispatchContext@1f3a40d, [fromDate:2014-01-20 18:12:57.219, thruDate:2014-01-20 18:12:57.22]] (No signature of method: static in.vasista.vbiz.byproducts.ByProductReportServices.getPartyClassificationForFacility() is applicable for argument types: (org.ofbiz.service.DispatchContext, org.ofbiz.base.util.UtilMisc$SimpleMap) values: [org.ofbiz.service.DispatchContext@1f3a40d, [fromDate:2014-01-20 18:12:57.219, thruDate:2014-01-20 18:12:57.22]])
---- cause ---------------------------------------------------------------------
Exception: groovy.lang.MissingMethodException
Message: No signature of method: static in.vasista.vbiz.byproducts.ByProductReportServices.getPartyClassificationForFacility() is applicable for argument types: (org.ofbiz.service.DispatchContext, org.ofbiz.base.util.UtilMisc$SimpleMap) values: [org.ofbiz.service.DispatchContext@1f3a40d, [fromDate:2014-01-20 18:12:57.219, thruDate:2014-01-20 18:12:57.22]]
---- stack trace ---------------------------------------------------------------
groovy.lang.MissingMethodException: No signature of method: static in.vasista.vbiz.byproducts.ByProductReportServices.getPartyClassificationForFacility() is applicable for argument types: (org.ofbiz.service.DispatchContext, org.ofbiz.base.util.UtilMisc$SimpleMap) values: [org.ofbiz.service.DispatchContext@1f3a40d, [fromDate:2014-01-20 18:12:57.219, thruDate:2014-01-20 18:12:57.22]]
groovy.lang.MetaClassImpl.invokeStaticMissingMethod(MetaClassImpl.java:1357)
groovy.lang.MetaClassImpl.invokeStaticMethod(MetaClassImpl.java:1343)
org.codehaus.groovy.runtime.callsite.StaticMetaClassSite.call(StaticMetaClassSite.java:50)
org.codehaus.groovy.runtime.callsite.CallSiteArray.defaultCall(CallSiteArray.java:40)
org.codehaus.groovy.runtime.callsite.AbstractCallSite.call(AbstractCallSite.java:116)
org.codehaus.groovy.runtime.callsite.AbstractCallSite.call(AbstractCallSite.java:128)
validateBoothParty.run(validateBoothParty.groovy:23)
org.ofbiz.base.util.GroovyUtil.runScriptAtLocation(GroovyUtil.java:140)
sun.reflect.NativeMethodAccessorImpl.invoke0(Native Method)
sun.reflect.NativeMethodAccessorImpl.invoke(NativeMethodAccessorImpl.java:39)
sun.reflect.DelegatingMethodAccessorImpl.invoke(DelegatingMethodAccessorImpl.java:25)
java.lang.reflect.Method.invoke(Method.java:597)
org.codehaus.groovy.reflection.CachedMethod.invoke(CachedMethod.java:88)
org.codehaus.groovy.runtime.callsite.StaticMetaMethodSite$StaticMetaMethodSiteNoUnwrapNoCoerce.invoke(StaticMetaMethodSite.java:148)
org.codehaus.groovy.runtime.callsite.StaticMetaMethodSite.call(StaticMetaMethodSite.java:88)
org.codehaus.groovy.runtime.callsite.AbstractCallSite.call(AbstractCallSite.java:128)
doValidation.run(doValidation.groovy:18)
org.ofbiz.widget.ModelWidgetAction$Script.runAction(ModelWidgetAction.java:416)
org.ofbiz.widget.ModelWidgetAction.runSubActions(ModelWidgetAction.java:117)
org.ofbiz.widget.screen.ModelScreenWidget$Section.renderWidgetString(ModelScreenWidget.java:184)
org.ofbiz.widget.screen.ModelScreen.renderScreenString(ModelScreen.java:396)
org.ofbiz.widget.screen.ScreenRenderer.render(ScreenRenderer.java:135)
org.ofbiz.widget.screen.ScreenRenderer.render(ScreenRenderer.java:97)
org.ofbiz.widget.screen.MacroScreenViewHandler.render(MacroScreenViewHandler.java:104)
org.ofbiz.webapp.control.RequestHandler.renderView(RequestHandler.java:852)
org.ofbiz.webapp.control.RequestHandler.doRequest(RequestHandler.java:569)
org.ofbiz.webapp.control.ControlServlet.doGet(ControlServlet.java:224)
org.ofbiz.webapp.control.ControlServlet.doPost(ControlServlet.java:87)
javax.servlet.http.HttpServlet.service(HttpServlet.java:637)
javax.servlet.http.HttpServlet.service(HttpServlet.java:717)
org.apache.catalina.core.ApplicationFilterChain.internalDoFilter(ApplicationFilterChain.java:290)
org.apache.catalina.core.ApplicationFilterChain.doFilter(ApplicationFilterChain.java:206)
org.ofbiz.webapp.control.ContextFilter.doFilter(ContextFilter.java:337)
org.apache.catalina.core.ApplicationFilterChain.internalDoFilter(ApplicationFilterChain.java:235)
org.apache.catalina.core.ApplicationFilterChain.doFilter(ApplicationFilterChain.java:206)
org.apache.catalina.core.StandardWrapperValve.invoke(StandardWrapperValve.java:233)
org.apache.catalina.core.StandardContextValve.invoke(StandardContextValve.java:191)
org.apache.catalina.core.StandardHostValve.invoke(StandardHostValve.java:127)
org.apache.catalina.valves.ErrorReportValve.invoke(ErrorReportValve.java:102)
org.apache.catalina.core.StandardEngineValve.invoke(StandardEngineValve.java:109)
org.apache.catalina.valves.AccessLogValve.invoke(AccessLogValve.java:554)
org.apache.catalina.connector.CoyoteAdapter.service(CoyoteAdapter.java:298)
org.apache.coyote.http11.Http11Processor.process(Http11Processor.java:859)
org.apache.coyote.http11.Http11Protocol$Http11ConnectionHandler.process(Http11Protocol.java:588)
org.apache.tomcat.util.net.JIoEndpoint$Worker.run(JIoEndpoint.java:489)
java.lang.Thread.run(Thread.java:662)
--------------------------------------------------------------------------------

2014-01-20 18:12:57,601 (http-0.0.0.0-58443-1) [     ControlServlet.java:243:ERROR] An error occurred, going to the errorPage: /error/error.jsp
2014-01-20 18:12:57,604 (http-0.0.0.0-58443-1) [     ControlServlet.java:250:ERROR] Including errorPage: /error/error.jsp
2014-01-20 18:12:57,858 (http-0.0.0.0-58443-1) [ApplicationDispatcher.java:678:ERROR] Servlet.service() for servlet jsp threw exception
org.apache.jasper.JasperException: Unable to compile class for JSP: 

An error occurred at line: 41 in the jsp file: /error/error.jsp
Duplicate local variable errorMsg
38: <link rel="shortcut icon" href="/images/vbiz.ico" />
39: </head>
40: 
41: <% String errorMsg = (String) request.getAttribute("_ERROR_MESSAGE_"); %>
42: 
43: <body bgcolor="#FFFFFF">
44: <div align="center">


Stacktrace:
	at org.apache.jasper.compiler.DefaultErrorHandler.javacError(DefaultErrorHandler.java:92)
	at org.apache.jasper.compiler.ErrorDispatcher.javacError(ErrorDispatcher.java:330)
	at org.apache.jasper.compiler.JDTCompiler.generateClass(JDTCompiler.java:439)
	at org.apache.jasper.compiler.Compiler.compile(Compiler.java:349)
	at org.apache.jasper.compiler.Compiler.compile(Compiler.java:327)
	at org.apache.jasper.compiler.Compiler.compile(Compiler.java:314)
	at org.apache.jasper.JspCompilationContext.compile(JspCompilationContext.java:592)
	at org.apache.jasper.servlet.JspServletWrapper.service(JspServletWrapper.java:326)
	at org.apache.jasper.servlet.JspServlet.serviceJspFile(JspServlet.java:313)
	at org.apache.jasper.servlet.JspServlet.service(JspServlet.java:260)
	at javax.servlet.http.HttpServlet.service(HttpServlet.java:717)
	at org.apache.catalina.core.ApplicationFilterChain.internalDoFilter(ApplicationFilterChain.java:290)
	at org.apache.catalina.core.ApplicationFilterChain.doFilter(ApplicationFilterChain.java:206)
	at org.apache.catalina.core.ApplicationDispatcher.invoke(ApplicationDispatcher.java:646)
	at org.apache.catalina.core.ApplicationDispatcher.doInclude(ApplicationDispatcher.java:551)
	at org.apache.catalina.core.ApplicationDispatcher.include(ApplicationDispatcher.java:488)
	at org.ofbiz.webapp.control.ControlServlet.doGet(ControlServlet.java:254)
	at org.ofbiz.webapp.control.ControlServlet.doPost(ControlServlet.java:87)
	at javax.servlet.http.HttpServlet.service(HttpServlet.java:637)
	at javax.servlet.http.HttpServlet.service(HttpServlet.java:717)
	at org.apache.catalina.core.ApplicationFilterChain.internalDoFilter(ApplicationFilterChain.java:290)
	at org.apache.catalina.core.ApplicationFilterChain.doFilter(ApplicationFilterChain.java:206)
	at org.ofbiz.webapp.control.ContextFilter.doFilter(ContextFilter.java:337)
	at org.apache.catalina.core.ApplicationFilterChain.internalDoFilter(ApplicationFilterChain.java:235)
	at org.apache.catalina.core.ApplicationFilterChain.doFilter(ApplicationFilterChain.java:206)
	at org.apache.catalina.core.StandardWrapperValve.invoke(StandardWrapperValve.java:233)
	at org.apache.catalina.core.StandardContextValve.invoke(StandardContextValve.java:191)
	at org.apache.catalina.core.StandardHostValve.invoke(StandardHostValve.java:127)
	at org.apache.catalina.valves.ErrorReportValve.invoke(ErrorReportValve.java:102)
	at org.apache.catalina.core.StandardEngineValve.invoke(StandardEngineValve.java:109)
	at org.apache.catalina.valves.AccessLogValve.invoke(AccessLogValve.java:554)
	at org.apache.catalina.connector.CoyoteAdapter.service(CoyoteAdapter.java:298)
	at org.apache.coyote.http11.Http11Processor.process(Http11Processor.java:859)
	at org.apache.coyote.http11.Http11Protocol$Http11ConnectionHandler.process(Http11Protocol.java:588)
	at org.apache.tomcat.util.net.JIoEndpoint$Worker.run(JIoEndpoint.java:489)
	at java.lang.Thread.run(Thread.java:662)
2014-01-21 11:33:06,022 (http-0.0.0.0-58443-1) [ComponentLocationResolver.java:67 :ERROR] 
---- exception report ----------------------------------------------------------
Could not get root location for component with name [motherdairy], error was: org.ofbiz.base.component.ComponentException: No component found named : motherdairy
Exception: org.ofbiz.base.component.ComponentException
Message: No component found named : motherdairy
---- stack trace ---------------------------------------------------------------
org.ofbiz.base.component.ComponentException: No component found named : motherdairy
org.ofbiz.base.component.ComponentConfig.getComponentConfig(ComponentConfig.java:86)
org.ofbiz.base.component.ComponentConfig.getComponentConfig(ComponentConfig.java:61)
org.ofbiz.base.component.ComponentConfig.getRootLocation(ComponentConfig.java:260)
org.ofbiz.base.location.ComponentLocationResolver.getBaseLocation(ComponentLocationResolver.java:64)
org.ofbiz.base.location.ComponentLocationResolver.resolveLocation(ComponentLocationResolver.java:39)
org.ofbiz.base.location.FlexibleLocation.resolveLocation(FlexibleLocation.java:132)
org.ofbiz.widget.screen.ScreenFactory.getScreensFromLocation(ScreenFactory.java:122)
org.ofbiz.widget.screen.ScreenFactory.getScreenFromLocation(ScreenFactory.java:100)
org.ofbiz.widget.screen.MacroScreenRenderer.renderPortalPagePortletBody(MacroScreenRenderer.java:984)
org.ofbiz.widget.screen.ModelScreenWidget$PortalPage.renderWidgetString(ModelScreenWidget.java:1707)
org.ofbiz.widget.screen.ModelScreenWidget.renderSubWidgetsString(ModelScreenWidget.java:104)
org.ofbiz.widget.screen.ModelScreenWidget$Container.renderWidgetString(ModelScreenWidget.java:260)
org.ofbiz.widget.screen.ModelScreenWidget.renderSubWidgetsString(ModelScreenWidget.java:104)
org.ofbiz.widget.screen.ModelScreenWidget$DecoratorSection.renderWidgetString(ModelScreenWidget.java:613)
org.ofbiz.widget.screen.ModelScreenWidget$SectionsRenderer.render(ModelScreenWidget.java:129)
org.ofbiz.widget.screen.ModelScreenWidget$DecoratorSectionInclude.renderWidgetString(ModelScreenWidget.java:646)
org.ofbiz.widget.screen.ModelScreenWidget.renderSubWidgetsString(ModelScreenWidget.java:104)
org.ofbiz.widget.screen.ModelScreenWidget$Container.renderWidgetString(ModelScreenWidget.java:260)
org.ofbiz.widget.screen.ModelScreenWidget.renderSubWidgetsString(ModelScreenWidget.java:104)
org.ofbiz.widget.screen.ModelScreenWidget$Section.renderWidgetString(ModelScreenWidget.java:191)
org.ofbiz.widget.screen.ModelScreenWidget.renderSubWidgetsString(ModelScreenWidget.java:104)
org.ofbiz.widget.screen.ModelScreenWidget$Container.renderWidgetString(ModelScreenWidget.java:260)
org.ofbiz.widget.screen.ModelScreenWidget.renderSubWidgetsString(ModelScreenWidget.java:104)
org.ofbiz.widget.screen.ModelScreenWidget$Container.renderWidgetString(ModelScreenWidget.java:260)
org.ofbiz.widget.screen.ModelScreenWidget.renderSubWidgetsString(ModelScreenWidget.java:104)
org.ofbiz.widget.screen.ModelScreenWidget$Section.renderWidgetString(ModelScreenWidget.java:191)
org.ofbiz.widget.screen.ModelScreen.renderScreenString(ModelScreen.java:396)
org.ofbiz.widget.screen.ScreenFactory.renderReferencedScreen(ScreenFactory.java:216)
org.ofbiz.widget.screen.ModelScreenWidget$IncludeScreen.renderWidgetString(ModelScreenWidget.java:513)
org.ofbiz.widget.screen.ModelScreenWidget.renderSubWidgetsString(ModelScreenWidget.java:104)
org.ofbiz.widget.screen.ModelScreenWidget$Section.renderWidgetString(ModelScreenWidget.java:191)
org.ofbiz.widget.screen.ModelScreen.renderScreenString(ModelScreen.java:396)
org.ofbiz.widget.screen.ScreenFactory.renderReferencedScreen(ScreenFactory.java:216)
org.ofbiz.widget.screen.ModelScreenWidget$IncludeScreen.renderWidgetString(ModelScreenWidget.java:513)
org.ofbiz.widget.screen.ModelScreenWidget.renderSubWidgetsString(ModelScreenWidget.java:104)
org.ofbiz.widget.screen.ModelScreenWidget$Section.renderWidgetString(ModelScreenWidget.java:191)
org.ofbiz.widget.screen.ModelScreen.renderScreenString(ModelScreen.java:396)
org.ofbiz.widget.screen.ScreenFactory.renderReferencedScreen(ScreenFactory.java:216)
org.ofbiz.widget.screen.ModelScreenWidget$DecoratorScreen.renderWidgetString(ModelScreenWidget.java:580)
org.ofbiz.widget.screen.ModelScreenWidget.renderSubWidgetsString(ModelScreenWidget.java:104)
org.ofbiz.widget.screen.ModelScreenWidget$Section.renderWidgetString(ModelScreenWidget.java:191)
org.ofbiz.widget.screen.ModelScreen.renderScreenString(ModelScreen.java:396)
org.ofbiz.widget.screen.ScreenRenderer.render(ScreenRenderer.java:135)
org.ofbiz.widget.screen.ScreenRenderer.render(ScreenRenderer.java:97)
org.ofbiz.widget.screen.MacroScreenViewHandler.render(MacroScreenViewHandler.java:104)
org.ofbiz.webapp.control.RequestHandler.renderView(RequestHandler.java:852)
org.ofbiz.webapp.control.RequestHandler.doRequest(RequestHandler.java:569)
org.ofbiz.webapp.control.RequestHandler.doRequest(RequestHandler.java:534)
org.ofbiz.webapp.control.ControlServlet.doGet(ControlServlet.java:224)
javax.servlet.http.HttpServlet.service(HttpServlet.java:617)
javax.servlet.http.HttpServlet.service(HttpServlet.java:717)
org.apache.catalina.core.ApplicationFilterChain.internalDoFilter(ApplicationFilterChain.java:290)
org.apache.catalina.core.ApplicationFilterChain.doFilter(ApplicationFilterChain.java:206)
org.ofbiz.webapp.control.ContextFilter.doFilter(ContextFilter.java:337)
org.apache.catalina.core.ApplicationFilterChain.internalDoFilter(ApplicationFilterChain.java:235)
org.apache.catalina.core.ApplicationFilterChain.doFilter(ApplicationFilterChain.java:206)
org.apache.catalina.core.StandardWrapperValve.invoke(StandardWrapperValve.java:233)
org.apache.catalina.core.StandardContextValve.invoke(StandardContextValve.java:191)
org.apache.catalina.core.StandardHostValve.invoke(StandardHostValve.java:127)
org.apache.catalina.valves.ErrorReportValve.invoke(ErrorReportValve.java:102)
org.apache.catalina.core.StandardEngineValve.invoke(StandardEngineValve.java:109)
org.apache.catalina.valves.AccessLogValve.invoke(AccessLogValve.java:554)
org.apache.catalina.connector.CoyoteAdapter.service(CoyoteAdapter.java:298)
org.apache.coyote.http11.Http11Processor.process(Http11Processor.java:859)
org.apache.coyote.http11.Http11Protocol$Http11ConnectionHandler.process(Http11Protocol.java:588)
org.apache.tomcat.util.net.JIoEndpoint$Worker.run(JIoEndpoint.java:489)
java.lang.Thread.run(Thread.java:662)
--------------------------------------------------------------------------------

2014-01-21 11:33:06,032 (http-0.0.0.0-58443-1) [MacroScreenRenderer.java:987:ERROR] 
---- exception report ----------------------------------------------------------
Error rendering portlet ID [Facility]: java.net.MalformedURLException: Could not get root location for component with name [motherdairy], error was: org.ofbiz.base.component.ComponentException: No component found named : motherdairy
Exception: java.net.MalformedURLException
Message: Could not get root location for component with name [motherdairy], error was: org.ofbiz.base.component.ComponentException: No component found named : motherdairy
---- stack trace ---------------------------------------------------------------
java.net.MalformedURLException: Could not get root location for component with name [motherdairy], error was: org.ofbiz.base.component.ComponentException: No component found named : motherdairy
org.ofbiz.base.location.ComponentLocationResolver.getBaseLocation(ComponentLocationResolver.java:68)
org.ofbiz.base.location.ComponentLocationResolver.resolveLocation(ComponentLocationResolver.java:39)
org.ofbiz.base.location.FlexibleLocation.resolveLocation(FlexibleLocation.java:132)
org.ofbiz.widget.screen.ScreenFactory.getScreensFromLocation(ScreenFactory.java:122)
org.ofbiz.widget.screen.ScreenFactory.getScreenFromLocation(ScreenFactory.java:100)
org.ofbiz.widget.screen.MacroScreenRenderer.renderPortalPagePortletBody(MacroScreenRenderer.java:984)
org.ofbiz.widget.screen.ModelScreenWidget$PortalPage.renderWidgetString(ModelScreenWidget.java:1707)
org.ofbiz.widget.screen.ModelScreenWidget.renderSubWidgetsString(ModelScreenWidget.java:104)
org.ofbiz.widget.screen.ModelScreenWidget$Container.renderWidgetString(ModelScreenWidget.java:260)
org.ofbiz.widget.screen.ModelScreenWidget.renderSubWidgetsString(ModelScreenWidget.java:104)
org.ofbiz.widget.screen.ModelScreenWidget$DecoratorSection.renderWidgetString(ModelScreenWidget.java:613)
org.ofbiz.widget.screen.ModelScreenWidget$SectionsRenderer.render(ModelScreenWidget.java:129)
org.ofbiz.widget.screen.ModelScreenWidget$DecoratorSectionInclude.renderWidgetString(ModelScreenWidget.java:646)
org.ofbiz.widget.screen.ModelScreenWidget.renderSubWidgetsString(ModelScreenWidget.java:104)
org.ofbiz.widget.screen.ModelScreenWidget$Container.renderWidgetString(ModelScreenWidget.java:260)
org.ofbiz.widget.screen.ModelScreenWidget.renderSubWidgetsString(ModelScreenWidget.java:104)
org.ofbiz.widget.screen.ModelScreenWidget$Section.renderWidgetString(ModelScreenWidget.java:191)
org.ofbiz.widget.screen.ModelScreenWidget.renderSubWidgetsString(ModelScreenWidget.java:104)
org.ofbiz.widget.screen.ModelScreenWidget$Container.renderWidgetString(ModelScreenWidget.java:260)
org.ofbiz.widget.screen.ModelScreenWidget.renderSubWidgetsString(ModelScreenWidget.java:104)
org.ofbiz.widget.screen.ModelScreenWidget$Container.renderWidgetString(ModelScreenWidget.java:260)
org.ofbiz.widget.screen.ModelScreenWidget.renderSubWidgetsString(ModelScreenWidget.java:104)
org.ofbiz.widget.screen.ModelScreenWidget$Section.renderWidgetString(ModelScreenWidget.java:191)
org.ofbiz.widget.screen.ModelScreen.renderScreenString(ModelScreen.java:396)
org.ofbiz.widget.screen.ScreenFactory.renderReferencedScreen(ScreenFactory.java:216)
org.ofbiz.widget.screen.ModelScreenWidget$IncludeScreen.renderWidgetString(ModelScreenWidget.java:513)
org.ofbiz.widget.screen.ModelScreenWidget.renderSubWidgetsString(ModelScreenWidget.java:104)
org.ofbiz.widget.screen.ModelScreenWidget$Section.renderWidgetString(ModelScreenWidget.java:191)
org.ofbiz.widget.screen.ModelScreen.renderScreenString(ModelScreen.java:396)
org.ofbiz.widget.screen.ScreenFactory.renderReferencedScreen(ScreenFactory.java:216)
org.ofbiz.widget.screen.ModelScreenWidget$IncludeScreen.renderWidgetString(ModelScreenWidget.java:513)
org.ofbiz.widget.screen.ModelScreenWidget.renderSubWidgetsString(ModelScreenWidget.java:104)
org.ofbiz.widget.screen.ModelScreenWidget$Section.renderWidgetString(ModelScreenWidget.java:191)
org.ofbiz.widget.screen.ModelScreen.renderScreenString(ModelScreen.java:396)
org.ofbiz.widget.screen.ScreenFactory.renderReferencedScreen(ScreenFactory.java:216)
org.ofbiz.widget.screen.ModelScreenWidget$DecoratorScreen.renderWidgetString(ModelScreenWidget.java:580)
org.ofbiz.widget.screen.ModelScreenWidget.renderSubWidgetsString(ModelScreenWidget.java:104)
org.ofbiz.widget.screen.ModelScreenWidget$Section.renderWidgetString(ModelScreenWidget.java:191)
org.ofbiz.widget.screen.ModelScreen.renderScreenString(ModelScreen.java:396)
org.ofbiz.widget.screen.ScreenRenderer.render(ScreenRenderer.java:135)
org.ofbiz.widget.screen.ScreenRenderer.render(ScreenRenderer.java:97)
org.ofbiz.widget.screen.MacroScreenViewHandler.render(MacroScreenViewHandler.java:104)
org.ofbiz.webapp.control.RequestHandler.renderView(RequestHandler.java:852)
org.ofbiz.webapp.control.RequestHandler.doRequest(RequestHandler.java:569)
org.ofbiz.webapp.control.RequestHandler.doRequest(RequestHandler.java:534)
org.ofbiz.webapp.control.ControlServlet.doGet(ControlServlet.java:224)
javax.servlet.http.HttpServlet.service(HttpServlet.java:617)
javax.servlet.http.HttpServlet.service(HttpServlet.java:717)
org.apache.catalina.core.ApplicationFilterChain.internalDoFilter(ApplicationFilterChain.java:290)
org.apache.catalina.core.ApplicationFilterChain.doFilter(ApplicationFilterChain.java:206)
org.ofbiz.webapp.control.ContextFilter.doFilter(ContextFilter.java:337)
org.apache.catalina.core.ApplicationFilterChain.internalDoFilter(ApplicationFilterChain.java:235)
org.apache.catalina.core.ApplicationFilterChain.doFilter(ApplicationFilterChain.java:206)
org.apache.catalina.core.StandardWrapperValve.invoke(StandardWrapperValve.java:233)
org.apache.catalina.core.StandardContextValve.invoke(StandardContextValve.java:191)
org.apache.catalina.core.StandardHostValve.invoke(StandardHostValve.java:127)
org.apache.catalina.valves.ErrorReportValve.invoke(ErrorReportValve.java:102)
org.apache.catalina.core.StandardEngineValve.invoke(StandardEngineValve.java:109)
org.apache.catalina.valves.AccessLogValve.invoke(AccessLogValve.java:554)
org.apache.catalina.connector.CoyoteAdapter.service(CoyoteAdapter.java:298)
org.apache.coyote.http11.Http11Processor.process(Http11Processor.java:859)
org.apache.coyote.http11.Http11Protocol$Http11ConnectionHandler.process(Http11Protocol.java:588)
org.apache.tomcat.util.net.JIoEndpoint$Worker.run(JIoEndpoint.java:489)
java.lang.Thread.run(Thread.java:662)
--------------------------------------------------------------------------------

2014-01-21 11:33:06,033 (http-0.0.0.0-58443-1) [        ModelScreen.java:401:ERROR] Error rendering screen [component://common/widget/CommonScreens.xml#GlobalDecorator]: java.lang.RuntimeException: Error rendering portlet ID [Facility]: java.net.MalformedURLException: Could not get root location for component with name [motherdairy], error was: org.ofbiz.base.component.ComponentException: No component found named : motherdairy. Rolling back transaction.
2014-01-21 11:33:06,185 (http-0.0.0.0-58443-1) [    TransactionUtil.java:285:ERROR] 
---- exception report ----------------------------------------------------------
Rollback Only was set when trying to commit transaction here; throwing rollbackOnly cause exception
Exception: javax.transaction.RollbackException
Message: Unable to commit: transaction marked for rollback
---- stack trace ---------------------------------------------------------------
javax.transaction.RollbackException: Unable to commit: transaction marked for rollback
org.apache.geronimo.transaction.manager.TransactionImpl.commit(TransactionImpl.java:271)
org.apache.geronimo.transaction.manager.TransactionManagerImpl.commit(TransactionManagerImpl.java:245)
org.ofbiz.entity.transaction.TransactionUtil.commit(TransactionUtil.java:264)
org.ofbiz.entity.transaction.TransactionUtil.commit(TransactionUtil.java:250)
org.ofbiz.widget.screen.ModelScreen.renderScreenString(ModelScreen.java:427)
org.ofbiz.widget.screen.ScreenRenderer.render(ScreenRenderer.java:135)
org.ofbiz.widget.screen.ScreenRenderer.render(ScreenRenderer.java:97)
org.ofbiz.widget.screen.MacroScreenViewHandler.render(MacroScreenViewHandler.java:104)
org.ofbiz.webapp.control.RequestHandler.renderView(RequestHandler.java:852)
org.ofbiz.webapp.control.RequestHandler.doRequest(RequestHandler.java:569)
org.ofbiz.webapp.control.RequestHandler.doRequest(RequestHandler.java:534)
org.ofbiz.webapp.control.ControlServlet.doGet(ControlServlet.java:224)
javax.servlet.http.HttpServlet.service(HttpServlet.java:617)
javax.servlet.http.HttpServlet.service(HttpServlet.java:717)
org.apache.catalina.core.ApplicationFilterChain.internalDoFilter(ApplicationFilterChain.java:290)
org.apache.catalina.core.ApplicationFilterChain.doFilter(ApplicationFilterChain.java:206)
org.ofbiz.webapp.control.ContextFilter.doFilter(ContextFilter.java:337)
org.apache.catalina.core.ApplicationFilterChain.internalDoFilter(ApplicationFilterChain.java:235)
org.apache.catalina.core.ApplicationFilterChain.doFilter(ApplicationFilterChain.java:206)
org.apache.catalina.core.StandardWrapperValve.invoke(StandardWrapperValve.java:233)
org.apache.catalina.core.StandardContextValve.invoke(StandardContextValve.java:191)
org.apache.catalina.core.StandardHostValve.invoke(StandardHostValve.java:127)
org.apache.catalina.valves.ErrorReportValve.invoke(ErrorReportValve.java:102)
org.apache.catalina.core.StandardEngineValve.invoke(StandardEngineValve.java:109)
org.apache.catalina.valves.AccessLogValve.invoke(AccessLogValve.java:554)
org.apache.catalina.connector.CoyoteAdapter.service(CoyoteAdapter.java:298)
org.apache.coyote.http11.Http11Processor.process(Http11Processor.java:859)
org.apache.coyote.http11.Http11Protocol$Http11ConnectionHandler.process(Http11Protocol.java:588)
org.apache.tomcat.util.net.JIoEndpoint$Worker.run(JIoEndpoint.java:489)
java.lang.Thread.run(Thread.java:662)
--------------------------------------------------------------------------------

2014-01-21 11:33:06,187 (http-0.0.0.0-58443-1) [        ModelScreen.java:429:ERROR] 
---- exception report ----------------------------------------------------------
Could not commit transaction: org.ofbiz.entity.transaction.GenericTransactionException: Roll back error, could not commit transaction, was rolled back instead because of: Error rendering screen [component://common/widget/CommonScreens.xml#GlobalDecorator]: java.lang.RuntimeException: Error rendering portlet ID [Facility]: java.net.MalformedURLException: Could not get root location for component with name [motherdairy], error was: org.ofbiz.base.component.ComponentException: No component found named : motherdairyjava.lang.RuntimeException: Error rendering portlet ID [Facility]: java.net.MalformedURLException: Could not get root location for component with name [motherdairy], error was: org.ofbiz.base.component.ComponentException: No component found named : motherdairy (Error rendering portlet ID [Facility]: java.net.MalformedURLException: Could not get root location for component with name [motherdairy], error was: org.ofbiz.base.component.ComponentException: No component found named : motherdairy)
Exception: org.ofbiz.entity.transaction.GenericTransactionException
Message: Roll back error, could not commit transaction, was rolled back instead because of: Error rendering screen [component://common/widget/CommonScreens.xml#GlobalDecorator]: java.lang.RuntimeException: Error rendering portlet ID [Facility]: java.net.MalformedURLException: Could not get root location for component with name [motherdairy], error was: org.ofbiz.base.component.ComponentException: No component found named : motherdairyjava.lang.RuntimeException: Error rendering portlet ID [Facility]: java.net.MalformedURLException: Could not get root location for component with name [motherdairy], error was: org.ofbiz.base.component.ComponentException: No component found named : motherdairy (Error rendering portlet ID [Facility]: java.net.MalformedURLException: Could not get root location for component with name [motherdairy], error was: org.ofbiz.base.component.ComponentException: No component found named : motherdairy)
---- cause ---------------------------------------------------------------------
Exception: java.lang.RuntimeException
Message: Error rendering portlet ID [Facility]: java.net.MalformedURLException: Could not get root location for component with name [motherdairy], error was: org.ofbiz.base.component.ComponentException: No component found named : motherdairy
---- stack trace ---------------------------------------------------------------
java.lang.RuntimeException: Error rendering portlet ID [Facility]: java.net.MalformedURLException: Could not get root location for component with name [motherdairy], error was: org.ofbiz.base.component.ComponentException: No component found named : motherdairy
org.ofbiz.widget.screen.MacroScreenRenderer.renderPortalPagePortletBody(MacroScreenRenderer.java:988)
org.ofbiz.widget.screen.ModelScreenWidget$PortalPage.renderWidgetString(ModelScreenWidget.java:1707)
org.ofbiz.widget.screen.ModelScreenWidget.renderSubWidgetsString(ModelScreenWidget.java:104)
org.ofbiz.widget.screen.ModelScreenWidget$Container.renderWidgetString(ModelScreenWidget.java:260)
org.ofbiz.widget.screen.ModelScreenWidget.renderSubWidgetsString(ModelScreenWidget.java:104)
org.ofbiz.widget.screen.ModelScreenWidget$DecoratorSection.renderWidgetString(ModelScreenWidget.java:613)
org.ofbiz.widget.screen.ModelScreenWidget$SectionsRenderer.render(ModelScreenWidget.java:129)
org.ofbiz.widget.screen.ModelScreenWidget$DecoratorSectionInclude.renderWidgetString(ModelScreenWidget.java:646)
org.ofbiz.widget.screen.ModelScreenWidget.renderSubWidgetsString(ModelScreenWidget.java:104)
org.ofbiz.widget.screen.ModelScreenWidget$Container.renderWidgetString(ModelScreenWidget.java:260)
org.ofbiz.widget.screen.ModelScreenWidget.renderSubWidgetsString(ModelScreenWidget.java:104)
org.ofbiz.widget.screen.ModelScreenWidget$Section.renderWidgetString(ModelScreenWidget.java:191)
org.ofbiz.widget.screen.ModelScreenWidget.renderSubWidgetsString(ModelScreenWidget.java:104)
org.ofbiz.widget.screen.ModelScreenWidget$Container.renderWidgetString(ModelScreenWidget.java:260)
org.ofbiz.widget.screen.ModelScreenWidget.renderSubWidgetsString(ModelScreenWidget.java:104)
org.ofbiz.widget.screen.ModelScreenWidget$Container.renderWidgetString(ModelScreenWidget.java:260)
org.ofbiz.widget.screen.ModelScreenWidget.renderSubWidgetsString(ModelScreenWidget.java:104)
org.ofbiz.widget.screen.ModelScreenWidget$Section.renderWidgetString(ModelScreenWidget.java:191)
org.ofbiz.widget.screen.ModelScreen.renderScreenString(ModelScreen.java:396)
org.ofbiz.widget.screen.ScreenFactory.renderReferencedScreen(ScreenFactory.java:216)
org.ofbiz.widget.screen.ModelScreenWidget$IncludeScreen.renderWidgetString(ModelScreenWidget.java:513)
org.ofbiz.widget.screen.ModelScreenWidget.renderSubWidgetsString(ModelScreenWidget.java:104)
org.ofbiz.widget.screen.ModelScreenWidget$Section.renderWidgetString(ModelScreenWidget.java:191)
org.ofbiz.widget.screen.ModelScreen.renderScreenString(ModelScreen.java:396)
org.ofbiz.widget.screen.ScreenFactory.renderReferencedScreen(ScreenFactory.java:216)
org.ofbiz.widget.screen.ModelScreenWidget$IncludeScreen.renderWidgetString(ModelScreenWidget.java:513)
org.ofbiz.widget.screen.ModelScreenWidget.renderSubWidgetsString(ModelScreenWidget.java:104)
org.ofbiz.widget.screen.ModelScreenWidget$Section.renderWidgetString(ModelScreenWidget.java:191)
org.ofbiz.widget.screen.ModelScreen.renderScreenString(ModelScreen.java:396)
org.ofbiz.widget.screen.ScreenFactory.renderReferencedScreen(ScreenFactory.java:216)
org.ofbiz.widget.screen.ModelScreenWidget$DecoratorScreen.renderWidgetString(ModelScreenWidget.java:580)
org.ofbiz.widget.screen.ModelScreenWidget.renderSubWidgetsString(ModelScreenWidget.java:104)
org.ofbiz.widget.screen.ModelScreenWidget$Section.renderWidgetString(ModelScreenWidget.java:191)
org.ofbiz.widget.screen.ModelScreen.renderScreenString(ModelScreen.java:396)
org.ofbiz.widget.screen.ScreenRenderer.render(ScreenRenderer.java:135)
org.ofbiz.widget.screen.ScreenRenderer.render(ScreenRenderer.java:97)
org.ofbiz.widget.screen.MacroScreenViewHandler.render(MacroScreenViewHandler.java:104)
org.ofbiz.webapp.control.RequestHandler.renderView(RequestHandler.java:852)
org.ofbiz.webapp.control.RequestHandler.doRequest(RequestHandler.java:569)
org.ofbiz.webapp.control.RequestHandler.doRequest(RequestHandler.java:534)
org.ofbiz.webapp.control.ControlServlet.doGet(ControlServlet.java:224)
javax.servlet.http.HttpServlet.service(HttpServlet.java:617)
javax.servlet.http.HttpServlet.service(HttpServlet.java:717)
org.apache.catalina.core.ApplicationFilterChain.internalDoFilter(ApplicationFilterChain.java:290)
org.apache.catalina.core.ApplicationFilterChain.doFilter(ApplicationFilterChain.java:206)
org.ofbiz.webapp.control.ContextFilter.doFilter(ContextFilter.java:337)
org.apache.catalina.core.ApplicationFilterChain.internalDoFilter(ApplicationFilterChain.java:235)
org.apache.catalina.core.ApplicationFilterChain.doFilter(ApplicationFilterChain.java:206)
org.apache.catalina.core.StandardWrapperValve.invoke(StandardWrapperValve.java:233)
org.apache.catalina.core.StandardContextValve.invoke(StandardContextValve.java:191)
org.apache.catalina.core.StandardHostValve.invoke(StandardHostValve.java:127)
org.apache.catalina.valves.ErrorReportValve.invoke(ErrorReportValve.java:102)
org.apache.catalina.core.StandardEngineValve.invoke(StandardEngineValve.java:109)
org.apache.catalina.valves.AccessLogValve.invoke(AccessLogValve.java:554)
org.apache.catalina.connector.CoyoteAdapter.service(CoyoteAdapter.java:298)
org.apache.coyote.http11.Http11Processor.process(Http11Processor.java:859)
org.apache.coyote.http11.Http11Protocol$Http11ConnectionHandler.process(Http11Protocol.java:588)
org.apache.tomcat.util.net.JIoEndpoint$Worker.run(JIoEndpoint.java:489)
java.lang.Thread.run(Thread.java:662)
--------------------------------------------------------------------------------

2014-01-21 11:33:06,188 (http-0.0.0.0-58443-1) [     ControlServlet.java:227:ERROR] 
---- exception report ----------------------------------------------------------
Error in request handler: 
Exception: org.ofbiz.widget.screen.ScreenRenderException
Message: Error rendering screen [component://common/widget/CommonScreens.xml#GlobalDecorator]: java.lang.RuntimeException: Error rendering portlet ID [Facility]: java.net.MalformedURLException: Could not get root location for component with name [motherdairy], error was: org.ofbiz.base.component.ComponentException: No component found named : motherdairy (Error rendering portlet ID [Facility]: java.net.MalformedURLException: Could not get root location for component with name [motherdairy], error was: org.ofbiz.base.component.ComponentException: No component found named : motherdairy)
---- cause ---------------------------------------------------------------------
Exception: java.lang.RuntimeException
Message: Error rendering portlet ID [Facility]: java.net.MalformedURLException: Could not get root location for component with name [motherdairy], error was: org.ofbiz.base.component.ComponentException: No component found named : motherdairy
---- stack trace ---------------------------------------------------------------
java.lang.RuntimeException: Error rendering portlet ID [Facility]: java.net.MalformedURLException: Could not get root location for component with name [motherdairy], error was: org.ofbiz.base.component.ComponentException: No component found named : motherdairy
org.ofbiz.widget.screen.MacroScreenRenderer.renderPortalPagePortletBody(MacroScreenRenderer.java:988)
org.ofbiz.widget.screen.ModelScreenWidget$PortalPage.renderWidgetString(ModelScreenWidget.java:1707)
org.ofbiz.widget.screen.ModelScreenWidget.renderSubWidgetsString(ModelScreenWidget.java:104)
org.ofbiz.widget.screen.ModelScreenWidget$Container.renderWidgetString(ModelScreenWidget.java:260)
org.ofbiz.widget.screen.ModelScreenWidget.renderSubWidgetsString(ModelScreenWidget.java:104)
org.ofbiz.widget.screen.ModelScreenWidget$DecoratorSection.renderWidgetString(ModelScreenWidget.java:613)
org.ofbiz.widget.screen.ModelScreenWidget$SectionsRenderer.render(ModelScreenWidget.java:129)
org.ofbiz.widget.screen.ModelScreenWidget$DecoratorSectionInclude.renderWidgetString(ModelScreenWidget.java:646)
org.ofbiz.widget.screen.ModelScreenWidget.renderSubWidgetsString(ModelScreenWidget.java:104)
org.ofbiz.widget.screen.ModelScreenWidget$Container.renderWidgetString(ModelScreenWidget.java:260)
org.ofbiz.widget.screen.ModelScreenWidget.renderSubWidgetsString(ModelScreenWidget.java:104)
org.ofbiz.widget.screen.ModelScreenWidget$Section.renderWidgetString(ModelScreenWidget.java:191)
org.ofbiz.widget.screen.ModelScreenWidget.renderSubWidgetsString(ModelScreenWidget.java:104)
org.ofbiz.widget.screen.ModelScreenWidget$Container.renderWidgetString(ModelScreenWidget.java:260)
org.ofbiz.widget.screen.ModelScreenWidget.renderSubWidgetsString(ModelScreenWidget.java:104)
org.ofbiz.widget.screen.ModelScreenWidget$Container.renderWidgetString(ModelScreenWidget.java:260)
org.ofbiz.widget.screen.ModelScreenWidget.renderSubWidgetsString(ModelScreenWidget.java:104)
org.ofbiz.widget.screen.ModelScreenWidget$Section.renderWidgetString(ModelScreenWidget.java:191)
org.ofbiz.widget.screen.ModelScreen.renderScreenString(ModelScreen.java:396)
org.ofbiz.widget.screen.ScreenFactory.renderReferencedScreen(ScreenFactory.java:216)
org.ofbiz.widget.screen.ModelScreenWidget$IncludeScreen.renderWidgetString(ModelScreenWidget.java:513)
org.ofbiz.widget.screen.ModelScreenWidget.renderSubWidgetsString(ModelScreenWidget.java:104)
org.ofbiz.widget.screen.ModelScreenWidget$Section.renderWidgetString(ModelScreenWidget.java:191)
org.ofbiz.widget.screen.ModelScreen.renderScreenString(ModelScreen.java:396)
org.ofbiz.widget.screen.ScreenFactory.renderReferencedScreen(ScreenFactory.java:216)
org.ofbiz.widget.screen.ModelScreenWidget$IncludeScreen.renderWidgetString(ModelScreenWidget.java:513)
org.ofbiz.widget.screen.ModelScreenWidget.renderSubWidgetsString(ModelScreenWidget.java:104)
org.ofbiz.widget.screen.ModelScreenWidget$Section.renderWidgetString(ModelScreenWidget.java:191)
org.ofbiz.widget.screen.ModelScreen.renderScreenString(ModelScreen.java:396)
org.ofbiz.widget.screen.ScreenFactory.renderReferencedScreen(ScreenFactory.java:216)
org.ofbiz.widget.screen.ModelScreenWidget$DecoratorScreen.renderWidgetString(ModelScreenWidget.java:580)
org.ofbiz.widget.screen.ModelScreenWidget.renderSubWidgetsString(ModelScreenWidget.java:104)
org.ofbiz.widget.screen.ModelScreenWidget$Section.renderWidgetString(ModelScreenWidget.java:191)
org.ofbiz.widget.screen.ModelScreen.renderScreenString(ModelScreen.java:396)
org.ofbiz.widget.screen.ScreenRenderer.render(ScreenRenderer.java:135)
org.ofbiz.widget.screen.ScreenRenderer.render(ScreenRenderer.java:97)
org.ofbiz.widget.screen.MacroScreenViewHandler.render(MacroScreenViewHandler.java:104)
org.ofbiz.webapp.control.RequestHandler.renderView(RequestHandler.java:852)
org.ofbiz.webapp.control.RequestHandler.doRequest(RequestHandler.java:569)
org.ofbiz.webapp.control.RequestHandler.doRequest(RequestHandler.java:534)
org.ofbiz.webapp.control.ControlServlet.doGet(ControlServlet.java:224)
javax.servlet.http.HttpServlet.service(HttpServlet.java:617)
javax.servlet.http.HttpServlet.service(HttpServlet.java:717)
org.apache.catalina.core.ApplicationFilterChain.internalDoFilter(ApplicationFilterChain.java:290)
org.apache.catalina.core.ApplicationFilterChain.doFilter(ApplicationFilterChain.java:206)
org.ofbiz.webapp.control.ContextFilter.doFilter(ContextFilter.java:337)
org.apache.catalina.core.ApplicationFilterChain.internalDoFilter(ApplicationFilterChain.java:235)
org.apache.catalina.core.ApplicationFilterChain.doFilter(ApplicationFilterChain.java:206)
org.apache.catalina.core.StandardWrapperValve.invoke(StandardWrapperValve.java:233)
org.apache.catalina.core.StandardContextValve.invoke(StandardContextValve.java:191)
org.apache.catalina.core.StandardHostValve.invoke(StandardHostValve.java:127)
org.apache.catalina.valves.ErrorReportValve.invoke(ErrorReportValve.java:102)
org.apache.catalina.core.StandardEngineValve.invoke(StandardEngineValve.java:109)
org.apache.catalina.valves.AccessLogValve.invoke(AccessLogValve.java:554)
org.apache.catalina.connector.CoyoteAdapter.service(CoyoteAdapter.java:298)
org.apache.coyote.http11.Http11Processor.process(Http11Processor.java:859)
org.apache.coyote.http11.Http11Protocol$Http11ConnectionHandler.process(Http11Protocol.java:588)
org.apache.tomcat.util.net.JIoEndpoint$Worker.run(JIoEndpoint.java:489)
java.lang.Thread.run(Thread.java:662)
--------------------------------------------------------------------------------

2014-01-21 11:33:06,188 (http-0.0.0.0-58443-1) [     ControlServlet.java:243:ERROR] An error occurred, going to the errorPage: /error/error.jsp
2014-01-21 11:33:06,188 (http-0.0.0.0-58443-1) [     ControlServlet.java:250:ERROR] Including errorPage: /error/error.jsp
2014-01-21 11:33:13,686 (http-0.0.0.0-58443-1) [        ModelScreen.java:401:ERROR] Error rendering screen [component://appvalidator/widget/AppValidatorScreens.xml#ValidationResult]: groovy.lang.MissingMethodException: No signature of method: static in.vasista.vbiz.byproducts.ByProductReportServices.getPartyClassificationForFacility() is applicable for argument types: (org.ofbiz.service.DispatchContext, org.ofbiz.base.util.UtilMisc$SimpleMap) values: [org.ofbiz.service.DispatchContext@1f3a40d, [fromDate:2014-01-21 11:33:13.651, thruDate:2014-01-21 11:33:13.652]]. Rolling back transaction.
2014-01-21 11:33:13,710 (http-0.0.0.0-58443-1) [     ControlServlet.java:227:ERROR] 
---- exception report ----------------------------------------------------------
Error in request handler: 
Exception: org.ofbiz.widget.screen.ScreenRenderException
Message: Error rendering screen [component://appvalidator/widget/AppValidatorScreens.xml#ValidationResult]: groovy.lang.MissingMethodException: No signature of method: static in.vasista.vbiz.byproducts.ByProductReportServices.getPartyClassificationForFacility() is applicable for argument types: (org.ofbiz.service.DispatchContext, org.ofbiz.base.util.UtilMisc$SimpleMap) values: [org.ofbiz.service.DispatchContext@1f3a40d, [fromDate:2014-01-21 11:33:13.651, thruDate:2014-01-21 11:33:13.652]] (No signature of method: static in.vasista.vbiz.byproducts.ByProductReportServices.getPartyClassificationForFacility() is applicable for argument types: (org.ofbiz.service.DispatchContext, org.ofbiz.base.util.UtilMisc$SimpleMap) values: [org.ofbiz.service.DispatchContext@1f3a40d, [fromDate:2014-01-21 11:33:13.651, thruDate:2014-01-21 11:33:13.652]])
---- cause ---------------------------------------------------------------------
Exception: groovy.lang.MissingMethodException
Message: No signature of method: static in.vasista.vbiz.byproducts.ByProductReportServices.getPartyClassificationForFacility() is applicable for argument types: (org.ofbiz.service.DispatchContext, org.ofbiz.base.util.UtilMisc$SimpleMap) values: [org.ofbiz.service.DispatchContext@1f3a40d, [fromDate:2014-01-21 11:33:13.651, thruDate:2014-01-21 11:33:13.652]]
---- stack trace ---------------------------------------------------------------
groovy.lang.MissingMethodException: No signature of method: static in.vasista.vbiz.byproducts.ByProductReportServices.getPartyClassificationForFacility() is applicable for argument types: (org.ofbiz.service.DispatchContext, org.ofbiz.base.util.UtilMisc$SimpleMap) values: [org.ofbiz.service.DispatchContext@1f3a40d, [fromDate:2014-01-21 11:33:13.651, thruDate:2014-01-21 11:33:13.652]]
groovy.lang.MetaClassImpl.invokeStaticMissingMethod(MetaClassImpl.java:1357)
groovy.lang.MetaClassImpl.invokeStaticMethod(MetaClassImpl.java:1343)
org.codehaus.groovy.runtime.callsite.StaticMetaClassSite.call(StaticMetaClassSite.java:50)
org.codehaus.groovy.runtime.callsite.CallSiteArray.defaultCall(CallSiteArray.java:40)
org.codehaus.groovy.runtime.callsite.AbstractCallSite.call(AbstractCallSite.java:116)
org.codehaus.groovy.runtime.callsite.AbstractCallSite.call(AbstractCallSite.java:128)
validateBoothParty.run(validateBoothParty.groovy:23)
org.ofbiz.base.util.GroovyUtil.runScriptAtLocation(GroovyUtil.java:140)
sun.reflect.NativeMethodAccessorImpl.invoke0(Native Method)
sun.reflect.NativeMethodAccessorImpl.invoke(NativeMethodAccessorImpl.java:39)
sun.reflect.DelegatingMethodAccessorImpl.invoke(DelegatingMethodAccessorImpl.java:25)
java.lang.reflect.Method.invoke(Method.java:597)
org.codehaus.groovy.reflection.CachedMethod.invoke(CachedMethod.java:88)
org.codehaus.groovy.runtime.callsite.StaticMetaMethodSite$StaticMetaMethodSiteNoUnwrapNoCoerce.invoke(StaticMetaMethodSite.java:148)
org.codehaus.groovy.runtime.callsite.StaticMetaMethodSite.call(StaticMetaMethodSite.java:88)
org.codehaus.groovy.runtime.callsite.CallSiteArray.defaultCall(CallSiteArray.java:40)
org.codehaus.groovy.runtime.callsite.AbstractCallSite.call(AbstractCallSite.java:116)
org.codehaus.groovy.runtime.callsite.AbstractCallSite.call(AbstractCallSite.java:128)
doValidation.run(doValidation.groovy:18)
org.ofbiz.widget.ModelWidgetAction$Script.runAction(ModelWidgetAction.java:416)
org.ofbiz.widget.ModelWidgetAction.runSubActions(ModelWidgetAction.java:117)
org.ofbiz.widget.screen.ModelScreenWidget$Section.renderWidgetString(ModelScreenWidget.java:184)
org.ofbiz.widget.screen.ModelScreen.renderScreenString(ModelScreen.java:396)
org.ofbiz.widget.screen.ScreenRenderer.render(ScreenRenderer.java:135)
org.ofbiz.widget.screen.ScreenRenderer.render(ScreenRenderer.java:97)
org.ofbiz.widget.screen.MacroScreenViewHandler.render(MacroScreenViewHandler.java:104)
org.ofbiz.webapp.control.RequestHandler.renderView(RequestHandler.java:852)
org.ofbiz.webapp.control.RequestHandler.doRequest(RequestHandler.java:569)
org.ofbiz.webapp.control.ControlServlet.doGet(ControlServlet.java:224)
org.ofbiz.webapp.control.ControlServlet.doPost(ControlServlet.java:87)
javax.servlet.http.HttpServlet.service(HttpServlet.java:637)
javax.servlet.http.HttpServlet.service(HttpServlet.java:717)
org.apache.catalina.core.ApplicationFilterChain.internalDoFilter(ApplicationFilterChain.java:290)
org.apache.catalina.core.ApplicationFilterChain.doFilter(ApplicationFilterChain.java:206)
org.ofbiz.webapp.control.ContextFilter.doFilter(ContextFilter.java:337)
org.apache.catalina.core.ApplicationFilterChain.internalDoFilter(ApplicationFilterChain.java:235)
org.apache.catalina.core.ApplicationFilterChain.doFilter(ApplicationFilterChain.java:206)
org.apache.catalina.core.StandardWrapperValve.invoke(StandardWrapperValve.java:233)
org.apache.catalina.core.StandardContextValve.invoke(StandardContextValve.java:191)
org.apache.catalina.core.StandardHostValve.invoke(StandardHostValve.java:127)
org.apache.catalina.valves.ErrorReportValve.invoke(ErrorReportValve.java:102)
org.apache.catalina.core.StandardEngineValve.invoke(StandardEngineValve.java:109)
org.apache.catalina.valves.AccessLogValve.invoke(AccessLogValve.java:554)
org.apache.catalina.connector.CoyoteAdapter.service(CoyoteAdapter.java:298)
org.apache.coyote.http11.Http11Processor.process(Http11Processor.java:859)
org.apache.coyote.http11.Http11Protocol$Http11ConnectionHandler.process(Http11Protocol.java:588)
org.apache.tomcat.util.net.JIoEndpoint$Worker.run(JIoEndpoint.java:489)
java.lang.Thread.run(Thread.java:662)
--------------------------------------------------------------------------------

2014-01-21 11:33:13,714 (http-0.0.0.0-58443-1) [     ControlServlet.java:243:ERROR] An error occurred, going to the errorPage: /error/error.jsp
2014-01-21 11:33:13,714 (http-0.0.0.0-58443-1) [     ControlServlet.java:250:ERROR] Including errorPage: /error/error.jsp
2014-01-21 11:33:13,848 (http-0.0.0.0-58443-1) [ApplicationDispatcher.java:678:ERROR] Servlet.service() for servlet jsp threw exception
org.apache.jasper.JasperException: Unable to compile class for JSP: 

An error occurred at line: 41 in the jsp file: /error/error.jsp
Duplicate local variable errorMsg
38: <link rel="shortcut icon" href="/images/vbiz.ico" />
39: </head>
40: 
41: <% String errorMsg = (String) request.getAttribute("_ERROR_MESSAGE_"); %>
42: 
43: <body bgcolor="#FFFFFF">
44: <div align="center">


Stacktrace:
	at org.apache.jasper.compiler.DefaultErrorHandler.javacError(DefaultErrorHandler.java:92)
	at org.apache.jasper.compiler.ErrorDispatcher.javacError(ErrorDispatcher.java:330)
	at org.apache.jasper.compiler.JDTCompiler.generateClass(JDTCompiler.java:439)
	at org.apache.jasper.compiler.Compiler.compile(Compiler.java:349)
	at org.apache.jasper.compiler.Compiler.compile(Compiler.java:327)
	at org.apache.jasper.compiler.Compiler.compile(Compiler.java:314)
	at org.apache.jasper.JspCompilationContext.compile(JspCompilationContext.java:592)
	at org.apache.jasper.servlet.JspServletWrapper.service(JspServletWrapper.java:326)
	at org.apache.jasper.servlet.JspServlet.serviceJspFile(JspServlet.java:313)
	at org.apache.jasper.servlet.JspServlet.service(JspServlet.java:260)
	at javax.servlet.http.HttpServlet.service(HttpServlet.java:717)
	at org.apache.catalina.core.ApplicationFilterChain.internalDoFilter(ApplicationFilterChain.java:290)
	at org.apache.catalina.core.ApplicationFilterChain.doFilter(ApplicationFilterChain.java:206)
	at org.apache.catalina.core.ApplicationDispatcher.invoke(ApplicationDispatcher.java:646)
	at org.apache.catalina.core.ApplicationDispatcher.doInclude(ApplicationDispatcher.java:551)
	at org.apache.catalina.core.ApplicationDispatcher.include(ApplicationDispatcher.java:488)
	at org.ofbiz.webapp.control.ControlServlet.doGet(ControlServlet.java:254)
	at org.ofbiz.webapp.control.ControlServlet.doPost(ControlServlet.java:87)
	at javax.servlet.http.HttpServlet.service(HttpServlet.java:637)
	at javax.servlet.http.HttpServlet.service(HttpServlet.java:717)
	at org.apache.catalina.core.ApplicationFilterChain.internalDoFilter(ApplicationFilterChain.java:290)
	at org.apache.catalina.core.ApplicationFilterChain.doFilter(ApplicationFilterChain.java:206)
	at org.ofbiz.webapp.control.ContextFilter.doFilter(ContextFilter.java:337)
	at org.apache.catalina.core.ApplicationFilterChain.internalDoFilter(ApplicationFilterChain.java:235)
	at org.apache.catalina.core.ApplicationFilterChain.doFilter(ApplicationFilterChain.java:206)
	at org.apache.catalina.core.StandardWrapperValve.invoke(StandardWrapperValve.java:233)
	at org.apache.catalina.core.StandardContextValve.invoke(StandardContextValve.java:191)
	at org.apache.catalina.core.StandardHostValve.invoke(StandardHostValve.java:127)
	at org.apache.catalina.valves.ErrorReportValve.invoke(ErrorReportValve.java:102)
	at org.apache.catalina.core.StandardEngineValve.invoke(StandardEngineValve.java:109)
	at org.apache.catalina.valves.AccessLogValve.invoke(AccessLogValve.java:554)
	at org.apache.catalina.connector.CoyoteAdapter.service(CoyoteAdapter.java:298)
	at org.apache.coyote.http11.Http11Processor.process(Http11Processor.java:859)
	at org.apache.coyote.http11.Http11Protocol$Http11ConnectionHandler.process(Http11Protocol.java:588)
	at org.apache.tomcat.util.net.JIoEndpoint$Worker.run(JIoEndpoint.java:489)
	at java.lang.Thread.run(Thread.java:662)
